<?xml version="1.0" encoding="utf-8"?>
<coverage line-rate="0.9792000000000001" branch-rate="0.9525" version="1.9" timestamp="1788298302" lines-covered="803" lines-valid="820" branches-covered="341" branches-valid="358">
  <sources>
    <source>F:/Projects/Mediana/src/</source>
  </sources>
  <packages>
    <package name="Mediana.Abstractions" line-rate="1" branch-rate="1" complexity="8">
      <classes>
        <class name="Mediana.MediatorConfigurationException" filename="Mediana.Abstractions/Exceptions.cs" line-rate="1" branch-rate="1" complexity="2">
          <methods>
            <method name=".ctor" signature="(System.String)" line-rate="1" branch-rate="1" complexity="1">
              <lines>
                <line number="7" hits="47" branch="False" />
                <line number="9" hits="47" branch="False" />
              </lines>
            </method>
            <method name=".ctor" signature="(System.String,System.Exception)" line-rate="1" branch-rate="1" complexity="1">
              <lines>
                <line number="12" hits="1" branch="False" />
                <line number="14" hits="1" branch="False" />
              </lines>
            </method>
          </methods>
          <lines>
            <line number="7" hits="47" branch="False" />
            <line number="9" hits="47" branch="False" />
            <line number="12" hits="1" branch="False" />
            <line number="14" hits="1" branch="False" />
          </lines>
        </class>
        <class name="Mediana.RemoteExecutionException" filename="Mediana.Abstractions/Exceptions.cs" line-rate="1" branch-rate="1" complexity="5">
          <methods>
            <method name="get_RemoteErrorType" signature="()" line-rate="1" branch-rate="1" complexity="1">
              <lines>
                <line number="30" hits="2" branch="False" />
              </lines>
            </method>
            <method name="get_Details" signature="()" line-rate="1" branch-rate="1" complexity="1">
              <lines>
                <line number="32" hits="3" branch="False" />
              </lines>
            </method>
            <method name=".ctor" signature="(System.String,System.String,System.Collections.Generic.IReadOnlyDictionary`2&lt;System.String,System.String&gt;)" line-rate="1" branch-rate="1" complexity="2">
              <lines>
                <line number="24" hits="2" branch="False" />
                <line number="26" hits="2" branch="False" />
                <line number="27" hits="2" branch="True" condition-coverage="100% (2/2)">
                  <conditions>
                    <condition number="17" type="jump" coverage="100%" />
                  </conditions>
                </line>
                <line number="28" hits="2" branch="False" />
              </lines>
            </method>
            <method name=".cctor" signature="()" line-rate="1" branch-rate="1" complexity="1">
              <lines>
                <line number="34" hits="1" branch="False" />
                <line number="35" hits="1" branch="False" />
              </lines>
            </method>
          </methods>
          <lines>
            <line number="30" hits="2" branch="False" />
            <line number="32" hits="3" branch="False" />
            <line number="24" hits="2" branch="False" />
            <line number="26" hits="2" branch="False" />
            <line number="27" hits="2" branch="True" condition-coverage="100% (2/2)">
              <conditions>
                <condition number="17" type="jump" coverage="100%" />
              </conditions>
            </line>
            <line number="28" hits="2" branch="False" />
            <line number="34" hits="1" branch="False" />
            <line number="35" hits="1" branch="False" />
          </lines>
        </class>
        <class name="Mediana.RemoteTimeoutException" filename="Mediana.Abstractions/Exceptions.cs" line-rate="1" branch-rate="1" complexity="1">
          <methods>
            <method name=".ctor" signature="(System.String)" line-rate="1" branch-rate="1" complexity="1">
              <lines>
                <line number="42" hits="1" branch="False" />
                <line number="44" hits="1" branch="False" />
              </lines>
            </method>
          </methods>
          <lines>
            <line number="42" hits="1" branch="False" />
            <line number="44" hits="1" branch="False" />
          </lines>
        </class>
      </classes>
    </package>
    <package name="Mediana" line-rate="0.9773999999999999" branch-rate="0.95" complexity="333">
      <classes>
        <class name="Mediana.MedianaConfiguration" filename="Mediana/MedianaConfiguration.cs" line-rate="0.9921" branch-rate="0.9615" complexity="88">
          <methods>
            <method name="UseSingletonHandlers" signature="()" line-rate="1" branch-rate="1" complexity="1">
              <lines>
                <line number="48" hits="42" branch="False" />
                <line number="49" hits="42" branch="False" />
              </lines>
            </method>
            <method name="AddCommandHandler" signature="()" line-rate="1" branch-rate="1" complexity="2">
              <lines>
                <line number="56" hits="43" branch="True" condition-coverage="100% (2/2)">
                  <conditions>
                    <condition number="43" type="jump" coverage="100%" />
                  </conditions>
                </line>
                <line number="57" hits="43" branch="False" />
                <line number="58" hits="86" branch="False" />
                <line number="59" hits="43" branch="False" />
              </lines>
            </method>
            <method name="AddQueryHandler" signature="()" line-rate="1" branch-rate="1" complexity="2">
              <lines>
                <line number="66" hits="27" branch="True" condition-coverage="100% (2/2)">
                  <conditions>
                    <condition number="43" type="jump" coverage="100%" />
                  </conditions>
                </line>
                <line number="67" hits="27" branch="False" />
                <line number="68" hits="54" branch="False" />
                <line number="69" hits="27" branch="False" />
              </lines>
            </method>
            <method name="AddStreamHandler" signature="()" line-rate="1" branch-rate="1" complexity="2">
              <lines>
                <line number="76" hits="11" branch="True" condition-coverage="100% (2/2)">
                  <conditions>
                    <condition number="43" type="jump" coverage="100%" />
                  </conditions>
                </line>
                <line number="77" hits="11" branch="False" />
                <line number="78" hits="11" branch="False" />
                <line number="79" hits="22" branch="False" />
                <line number="80" hits="11" branch="False" />
              </lines>
            </method>
            <method name="AddEventHandler" signature="()" line-rate="1" branch-rate="1" complexity="2">
              <lines>
                <line number="87" hits="38" branch="True" condition-coverage="100% (2/2)">
                  <conditions>
                    <condition number="32" type="jump" coverage="100%" />
                  </conditions>
                </line>
                <line number="88" hits="38" branch="False" />
                <line number="89" hits="76" branch="False" />
                <line number="90" hits="38" branch="False" />
              </lines>
            </method>
            <method name="AddMiddleware" signature="()" line-rate="1" branch-rate="1" complexity="1">
              <lines>
                <line number="98" hits="19" branch="False" />
                <line number="99" hits="19" branch="False" />
              </lines>
            </method>
            <method name="AddEventMiddleware" signature="()" line-rate="1" branch-rate="1" complexity="1">
              <lines>
                <line number="107" hits="15" branch="False" />
                <line number="108" hits="15" branch="False" />
              </lines>
            </method>
            <method name="AddStreamMiddleware" signature="()" line-rate="1" branch-rate="1" complexity="1">
              <lines>
                <line number="117" hits="3" branch="False" />
                <line number="118" hits="3" branch="False" />
              </lines>
            </method>
            <method name="SetEventPolicy" signature="(Mediana.Dispatch.EventDispatchPolicy)" line-rate="1" branch-rate="1" complexity="1">
              <lines>
                <line number="124" hits="7" branch="False" />
                <line number="125" hits="7" branch="False" />
              </lines>
            </method>
            <method name="AddHandlersFromAssembly" signature="(System.Reflection.Assembly)" line-rate="1" branch-rate="0.909" complexity="22">
              <lines>
                <line number="137" hits="8" branch="False" />
                <line number="139" hits="26608" branch="True" condition-coverage="100% (2/2)">
                  <conditions>
                    <condition number="377" type="jump" coverage="100%" />
                  </conditions>
                </line>
                <line number="141" hits="13296" branch="True" condition-coverage="75% (6/8)">
                  <conditions>
                    <condition number="30" type="jump" coverage="50%" />
                    <condition number="41" type="jump" coverage="100%" />
                    <condition number="52" type="jump" coverage="50%" />
                    <condition number="63" type="jump" coverage="100%" />
                  </conditions>
                </line>
                <line number="148" hits="44680" branch="True" condition-coverage="100% (2/2)">
                  <conditions>
                    <condition number="364" type="jump" coverage="100%" />
                  </conditions>
                </line>
                <line number="150" hits="13128" branch="True" condition-coverage="100% (2/2)">
                  <conditions>
                    <condition number="96" type="jump" coverage="100%" />
                  </conditions>
                </line>
                <line number="155" hits="3648" branch="False" />
                <line number="156" hits="3648" branch="False" />
                <line number="157" hits="3648" branch="True" condition-coverage="100% (2/2)">
                  <conditions>
                    <condition number="136" type="jump" coverage="100%" />
                  </conditions>
                </line>
                <line number="161" hits="84" branch="False" />
                <line number="163" hits="3564" branch="True" condition-coverage="100% (2/2)">
                  <conditions>
                    <condition number="180" type="jump" coverage="100%" />
                  </conditions>
                </line>
                <line number="167" hits="68" branch="False" />
                <line number="169" hits="3496" branch="True" condition-coverage="100% (2/2)">
                  <conditions>
                    <condition number="224" type="jump" coverage="100%" />
                  </conditions>
                </line>
                <line number="173" hits="20" branch="False" />
                <line number="175" hits="3476" branch="True" condition-coverage="100% (2/2)">
                  <conditions>
                    <condition number="265" type="jump" coverage="100%" />
                  </conditions>
                </line>
                <line number="177" hits="68" branch="False" />
                <line number="178" hits="68" branch="False" />
                <line number="180" hits="68" branch="False" />
                <line number="181" hits="68" branch="False" />
                <line number="182" hits="68" branch="False" />
                <line number="183" hits="68" branch="False" />
                <line number="197" hits="8" branch="False" />
              </lines>
            </method>
            <method name="AddScanned" signature="(System.Type,System.Type[],System.Type,Mediana.Dispatch.HandlerKind)" line-rate="1" branch-rate="1" complexity="1">
              <lines>
                <line number="203" hits="172" branch="False" />
                <line number="204" hits="172" branch="False" />
                <line number="205" hits="172" branch="False" />
                <line number="206" hits="172" branch="False" />
                <line number="207" hits="172" branch="False" />
                <line number="208" hits="184" branch="False" />
                <line number="209" hits="172" branch="False" />
              </lines>
            </method>
            <method name="AddHandler" signature="(Mediana.Dispatch.HandlerKind,System.Type,System.Type)" line-rate="1" branch-rate="1" complexity="1">
              <lines>
                <line number="214" hits="1" branch="False" />
                <line number="215" hits="1" branch="False" />
                <line number="216" hits="2" branch="False" />
                <line number="217" hits="1" branch="False" />
              </lines>
            </method>
            <method name="Freeze" signature="()" line-rate="0.9743" branch-rate="0.9642000000000001" complexity="28">
              <lines>
                <line number="222" hits="136" branch="False" />
                <line number="223" hits="136" branch="False" />
                <line number="224" hits="136" branch="False" />
                <line number="226" hits="453" branch="True" condition-coverage="100% (2/2)">
                  <conditions>
                    <condition number="429" type="jump" coverage="100%" />
                  </conditions>
                </line>
                <line number="228" hits="94" branch="False" />
                <line number="229" hits="94" branch="False" />
                <line number="230" hits="94" branch="False" />
                <line number="232" hits="93" branch="True" condition-coverage="100% (2/2)">
                  <conditions>
                    <condition number="120" type="jump" coverage="100%" />
                  </conditions>
                </line>
                <line number="234" hits="52" branch="True" condition-coverage="100% (2/2)">
                  <conditions>
                    <condition number="129" type="jump" coverage="100%" />
                  </conditions>
                </line>
                <line number="236" hits="4" branch="False" />
                <line number="237" hits="4" branch="False" />
                <line number="240" hits="48" branch="False" />
                <line number="242" hits="41" branch="True" condition-coverage="100% (2/2)">
                  <conditions>
                    <condition number="204" type="jump" coverage="100%" />
                  </conditions>
                </line>
                <line number="244" hits="27" branch="True" condition-coverage="100% (2/2)">
                  <conditions>
                    <condition number="213" type="jump" coverage="100%" />
                  </conditions>
                </line>
                <line number="246" hits="1" branch="False" />
                <line number="247" hits="1" branch="False" />
                <line number="250" hits="26" branch="False" />
                <line number="252" hits="14" branch="True" condition-coverage="50% (1/2)">
                  <conditions>
                    <condition number="288" type="jump" coverage="50%" />
                  </conditions>
                </line>
                <line number="254" hits="14" branch="True" condition-coverage="100% (2/2)">
                  <conditions>
                    <condition number="297" type="jump" coverage="100%" />
                  </conditions>
                </line>
                <line number="256" hits="1" branch="False" />
                <line number="257" hits="1" branch="False" />
                <line number="260" hits="13" branch="False" />
                <line number="264" hits="0" branch="False" />
                <line number="268" hits="334" branch="True" condition-coverage="100% (2/2)">
                  <conditions>
                    <condition number="554" type="jump" coverage="100%" />
                  </conditions>
                </line>
                <line number="270" hits="38" branch="True" condition-coverage="100% (2/2)">
                  <conditions>
                    <condition number="505" type="jump" coverage="100%" />
                  </conditions>
                </line>
                <line number="272" hits="28" branch="False" />
                <line number="273" hits="28" branch="False" />
                <line number="276" hits="38" branch="False" />
                <line number="279" hits="314" branch="True" condition-coverage="100% (2/2)">
                  <conditions>
                    <condition number="639" type="jump" coverage="100%" />
                  </conditions>
                </line>
                <line number="281" hits="28" branch="False" />
                <line number="284" hits="270" branch="True" condition-coverage="100% (2/2)">
                  <conditions>
                    <condition number="794" type="jump" coverage="100%" />
                  </conditions>
                </line>
                <line number="286" hits="7" branch="True" condition-coverage="100% (4/4)">
                  <conditions>
                    <condition number="710" type="jump" coverage="100%" />
                    <condition number="720" type="jump" coverage="100%" />
                  </conditions>
                </line>
                <line number="288" hits="2" branch="False" />
                <line number="289" hits="2" branch="False" />
                <line number="292" hits="5" branch="False" />
                <line number="295" hits="127" branch="False" />
                <line number="296" hits="460" branch="True" condition-coverage="100% (2/2)">
                  <conditions>
                    <condition number="889" type="jump" coverage="100%" />
                  </conditions>
                </line>
                <line number="298" hits="103" branch="False" />
                <line number="301" hits="127" branch="False" />
              </lines>
            </method>
            <method name="EnsureEntry" signature="(System.Collections.Generic.Dictionary`2&lt;System.Type,Mediana.Dispatch.MessageEntry&gt;,System.Type,Mediana.Dispatch.HandlerKind,System.Type)" line-rate="1" branch-rate="1" complexity="2">
              <lines>
                <line number="307" hits="122" branch="True" condition-coverage="100% (2/2)">
                  <conditions>
                    <condition number="9" type="jump" coverage="100%" />
                  </conditions>
                </line>
                <line number="309" hits="116" branch="False" />
                <line number="310" hits="116" branch="False" />
                <line number="313" hits="122" branch="False" />
              </lines>
            </method>
            <method name="ImplementsClosedInterface" signature="(System.Type,System.Type,System.Type,System.Type)" line-rate="1" branch-rate="1" complexity="12">
              <lines>
                <line number="319" hits="117" branch="True" condition-coverage="100% (2/2)">
                  <conditions>
                    <condition number="92" type="jump" coverage="100%" />
                  </conditions>
                </line>
                <line number="322" hits="38" branch="True" condition-coverage="100% (4/4)">
                  <conditions>
                    <condition number="21" type="jump" coverage="100%" />
                    <condition number="35" type="jump" coverage="100%" />
                  </conditions>
                </line>
                <line number="327" hits="38" branch="False" />
                <line number="328" hits="38" branch="True" condition-coverage="100% (2/2)">
                  <conditions>
                    <condition number="48" type="jump" coverage="100%" />
                  </conditions>
                </line>
                <line number="330" hits="15" branch="False" />
                <line number="334" hits="23" branch="True" condition-coverage="100% (4/4)">
                  <conditions>
                    <condition number="69" type="jump" coverage="100%" />
                    <condition number="80" type="jump" coverage="100%" />
                  </conditions>
                </line>
                <line number="336" hits="20" branch="False" />
                <line number="340" hits="3" branch="False" />
              </lines>
            </method>
            <method name="CollectMiddlewareTypes" signature="(System.Type,System.Type,Mediana.Dispatch.HandlerKind)" line-rate="1" branch-rate="1" complexity="4">
              <lines>
                <line number="346" hits="94" branch="True" condition-coverage="100% (2/2)">
                  <conditions>
                    <condition number="23" type="jump" coverage="100%" />
                  </conditions>
                </line>
                <line number="347" hits="94" branch="False" />
                <line number="348" hits="24" branch="True" condition-coverage="100% (2/2)">
                  <conditions>
                    <condition number="17" type="jump" coverage="100%" />
                  </conditions>
                </line>
                <line number="349" hits="24" branch="False" />
                <line number="350" hits="114" branch="False" />
              </lines>
            </method>
            <method name="CollectEventBehaviorTypes" signature="(System.Type)" line-rate="1" branch-rate="1" complexity="2">
              <lines>
                <line number="355" hits="38" branch="False" />
                <line number="356" hits="38" branch="False" />
                <line number="357" hits="38" branch="False" />
                <line number="358" hits="16" branch="True" condition-coverage="100% (2/2)">
                  <conditions>
                    <condition number="21" type="jump" coverage="100%" />
                  </conditions>
                </line>
                <line number="359" hits="16" branch="False" />
                <line number="360" hits="53" branch="False" />
              </lines>
            </method>
            <method name="get_IsSingleton" signature="()" line-rate="1" branch-rate="1" complexity="1">
              <lines>
                <line number="363" hits="123" branch="False" />
              </lines>
            </method>
            <method name="get_HandlerTypes" signature="()" line-rate="1" branch-rate="1" complexity="1">
              <lines>
                <line number="366" hits="206" branch="False" />
              </lines>
            </method>
            <method name=".ctor" signature="()" line-rate="1" branch-rate="1" complexity="1">
              <lines>
                <line number="28" hits="137" branch="False" />
                <line number="29" hits="137" branch="False" />
                <line number="30" hits="137" branch="False" />
                <line number="31" hits="137" branch="False" />
              </lines>
            </method>
          </methods>
          <lines>
            <line number="48" hits="42" branch="False" />
            <line number="49" hits="42" branch="False" />
            <line number="56" hits="43" branch="True" condition-coverage="100% (2/2)">
              <conditions>
                <condition number="43" type="jump" coverage="100%" />
              </conditions>
            </line>
            <line number="57" hits="43" branch="False" />
            <line number="58" hits="86" branch="False" />
            <line number="59" hits="43" branch="False" />
            <line number="66" hits="27" branch="True" condition-coverage="100% (2/2)">
              <conditions>
                <condition number="43" type="jump" coverage="100%" />
              </conditions>
            </line>
            <line number="67" hits="27" branch="False" />
            <line number="68" hits="54" branch="False" />
            <line number="69" hits="27" branch="False" />
            <line number="76" hits="11" branch="True" condition-coverage="100% (2/2)">
              <conditions>
                <condition number="43" type="jump" coverage="100%" />
              </conditions>
            </line>
            <line number="77" hits="11" branch="False" />
            <line number="78" hits="11" branch="False" />
            <line number="79" hits="22" branch="False" />
            <line number="80" hits="11" branch="False" />
            <line number="87" hits="38" branch="True" condition-coverage="100% (2/2)">
              <conditions>
                <condition number="32" type="jump" coverage="100%" />
              </conditions>
            </line>
            <line number="88" hits="38" branch="False" />
            <line number="89" hits="76" branch="False" />
            <line number="90" hits="38" branch="False" />
            <line number="98" hits="19" branch="False" />
            <line number="99" hits="19" branch="False" />
            <line number="107" hits="15" branch="False" />
            <line number="108" hits="15" branch="False" />
            <line number="117" hits="3" branch="False" />
            <line number="118" hits="3" branch="False" />
            <line number="124" hits="7" branch="False" />
            <line number="125" hits="7" branch="False" />
            <line number="137" hits="8" branch="False" />
            <line number="139" hits="26608" branch="True" condition-coverage="100% (2/2)">
              <conditions>
                <condition number="377" type="jump" coverage="100%" />
              </conditions>
            </line>
            <line number="141" hits="13296" branch="True" condition-coverage="75% (6/8)">
              <conditions>
                <condition number="30" type="jump" coverage="50%" />
                <condition number="41" type="jump" coverage="100%" />
                <condition number="52" type="jump" coverage="50%" />
                <condition number="63" type="jump" coverage="100%" />
              </conditions>
            </line>
            <line number="148" hits="44680" branch="True" condition-coverage="100% (2/2)">
              <conditions>
                <condition number="364" type="jump" coverage="100%" />
              </conditions>
            </line>
            <line number="150" hits="13128" branch="True" condition-coverage="100% (2/2)">
              <conditions>
                <condition number="96" type="jump" coverage="100%" />
              </conditions>
            </line>
            <line number="155" hits="3648" branch="False" />
            <line number="156" hits="3648" branch="False" />
            <line number="157" hits="3648" branch="True" condition-coverage="100% (2/2)">
              <conditions>
                <condition number="136" type="jump" coverage="100%" />
              </conditions>
            </line>
            <line number="161" hits="84" branch="False" />
            <line number="163" hits="3564" branch="True" condition-coverage="100% (2/2)">
              <conditions>
                <condition number="180" type="jump" coverage="100%" />
              </conditions>
            </line>
            <line number="167" hits="68" branch="False" />
            <line number="169" hits="3496" branch="True" condition-coverage="100% (2/2)">
              <conditions>
                <condition number="224" type="jump" coverage="100%" />
              </conditions>
            </line>
            <line number="173" hits="20" branch="False" />
            <line number="175" hits="3476" branch="True" condition-coverage="100% (2/2)">
              <conditions>
                <condition number="265" type="jump" coverage="100%" />
              </conditions>
            </line>
            <line number="177" hits="68" branch="False" />
            <line number="178" hits="68" branch="False" />
            <line number="180" hits="68" branch="False" />
            <line number="181" hits="68" branch="False" />
            <line number="182" hits="68" branch="False" />
            <line number="183" hits="68" branch="False" />
            <line number="197" hits="8" branch="False" />
            <line number="203" hits="172" branch="False" />
            <line number="204" hits="172" branch="False" />
            <line number="205" hits="172" branch="False" />
            <line number="206" hits="172" branch="False" />
            <line number="207" hits="172" branch="False" />
            <line number="208" hits="184" branch="False" />
            <line number="209" hits="172" branch="False" />
            <line number="214" hits="1" branch="False" />
            <line number="215" hits="1" branch="False" />
            <line number="216" hits="2" branch="False" />
            <line number="217" hits="1" branch="False" />
            <line number="222" hits="136" branch="False" />
            <line number="223" hits="136" branch="False" />
            <line number="224" hits="136" branch="False" />
            <line number="226" hits="453" branch="True" condition-coverage="100% (2/2)">
              <conditions>
                <condition number="429" type="jump" coverage="100%" />
              </conditions>
            </line>
            <line number="228" hits="94" branch="False" />
            <line number="229" hits="94" branch="False" />
            <line number="230" hits="94" branch="False" />
            <line number="232" hits="93" branch="True" condition-coverage="100% (2/2)">
              <conditions>
                <condition number="120" type="jump" coverage="100%" />
              </conditions>
            </line>
            <line number="234" hits="52" branch="True" condition-coverage="100% (2/2)">
              <conditions>
                <condition number="129" type="jump" coverage="100%" />
              </conditions>
            </line>
            <line number="236" hits="4" branch="False" />
            <line number="237" hits="4" branch="False" />
            <line number="240" hits="48" branch="False" />
            <line number="242" hits="41" branch="True" condition-coverage="100% (2/2)">
              <conditions>
                <condition number="204" type="jump" coverage="100%" />
              </conditions>
            </line>
            <line number="244" hits="27" branch="True" condition-coverage="100% (2/2)">
              <conditions>
                <condition number="213" type="jump" coverage="100%" />
              </conditions>
            </line>
            <line number="246" hits="1" branch="False" />
            <line number="247" hits="1" branch="False" />
            <line number="250" hits="26" branch="False" />
            <line number="252" hits="14" branch="True" condition-coverage="50% (1/2)">
              <conditions>
                <condition number="288" type="jump" coverage="50%" />
              </conditions>
            </line>
            <line number="254" hits="14" branch="True" condition-coverage="100% (2/2)">
              <conditions>
                <condition number="297" type="jump" coverage="100%" />
              </conditions>
            </line>
            <line number="256" hits="1" branch="False" />
            <line number="257" hits="1" branch="False" />
            <line number="260" hits="13" branch="False" />
            <line number="264" hits="0" branch="False" />
            <line number="268" hits="334" branch="True" condition-coverage="100% (2/2)">
              <conditions>
                <condition number="554" type="jump" coverage="100%" />
              </conditions>
            </line>
            <line number="270" hits="38" branch="True" condition-coverage="100% (2/2)">
              <conditions>
                <condition number="505" type="jump" coverage="100%" />
              </conditions>
            </line>
            <line number="272" hits="28" branch="False" />
            <line number="273" hits="28" branch="False" />
            <line number="276" hits="38" branch="False" />
            <line number="279" hits="314" branch="True" condition-coverage="100% (2/2)">
              <conditions>
                <condition number="639" type="jump" coverage="100%" />
              </conditions>
            </line>
            <line number="281" hits="28" branch="False" />
            <line number="284" hits="270" branch="True" condition-coverage="100% (2/2)">
              <conditions>
                <condition number="794" type="jump" coverage="100%" />
              </conditions>
            </line>
            <line number="286" hits="7" branch="True" condition-coverage="100% (4/4)">
              <conditions>
                <condition number="710" type="jump" coverage="100%" />
                <condition number="720" type="jump" coverage="100%" />
              </conditions>
            </line>
            <line number="288" hits="2" branch="False" />
            <line number="289" hits="2" branch="False" />
            <line number="292" hits="5" branch="False" />
            <line number="295" hits="127" branch="False" />
            <line number="296" hits="460" branch="True" condition-coverage="100% (2/2)">
              <conditions>
                <condition number="889" type="jump" coverage="100%" />
              </conditions>
            </line>
            <line number="298" hits="103" branch="False" />
            <line number="301" hits="127" branch="False" />
            <line number="307" hits="122" branch="True" condition-coverage="100% (2/2)">
              <conditions>
                <condition number="9" type="jump" coverage="100%" />
              </conditions>
            </line>
            <line number="309" hits="116" branch="False" />
            <line number="310" hits="116" branch="False" />
            <line number="313" hits="122" branch="False" />
            <line number="319" hits="117" branch="True" condition-coverage="100% (2/2)">
              <conditions>
                <condition number="92" type="jump" coverage="100%" />
              </conditions>
            </line>
            <line number="322" hits="38" branch="True" condition-coverage="100% (4/4)">
              <conditions>
                <condition number="21" type="jump" coverage="100%" />
                <condition number="35" type="jump" coverage="100%" />
              </conditions>
            </line>
            <line number="327" hits="38" branch="False" />
            <line number="328" hits="38" branch="True" condition-coverage="100% (2/2)">
              <conditions>
                <condition number="48" type="jump" coverage="100%" />
              </conditions>
            </line>
            <line number="330" hits="15" branch="False" />
            <line number="334" hits="23" branch="True" condition-coverage="100% (4/4)">
              <conditions>
                <condition number="69" type="jump" coverage="100%" />
                <condition number="80" type="jump" coverage="100%" />
              </conditions>
            </line>
            <line number="336" hits="20" branch="False" />
            <line number="340" hits="3" branch="False" />
            <line number="346" hits="94" branch="True" condition-coverage="100% (2/2)">
              <conditions>
                <condition number="23" type="jump" coverage="100%" />
              </conditions>
            </line>
            <line number="347" hits="94" branch="False" />
            <line number="348" hits="24" branch="True" condition-coverage="100% (2/2)">
              <conditions>
                <condition number="17" type="jump" coverage="100%" />
              </conditions>
            </line>
            <line number="349" hits="24" branch="False" />
            <line number="350" hits="114" branch="False" />
            <line number="355" hits="38" branch="False" />
            <line number="356" hits="38" branch="False" />
            <line number="357" hits="38" branch="False" />
            <line number="358" hits="16" branch="True" condition-coverage="100% (2/2)">
              <conditions>
                <condition number="21" type="jump" coverage="100%" />
              </conditions>
            </line>
            <line number="359" hits="16" branch="False" />
            <line number="360" hits="53" branch="False" />
            <line number="363" hits="123" branch="False" />
            <line number="366" hits="206" branch="False" />
            <line number="28" hits="137" branch="False" />
            <line number="29" hits="137" branch="False" />
            <line number="30" hits="137" branch="False" />
            <line number="31" hits="137" branch="False" />
          </lines>
        </class>
        <class name="Mediana.MedianaConfiguration/RequestRegistration" filename="Mediana/MedianaConfiguration.cs" line-rate="1" branch-rate="1" complexity="1">
          <methods>
            <method name="get_Kind" signature="()" line-rate="1" branch-rate="1" complexity="1">
              <lines>
                <line number="41" hits="548" branch="False" />
              </lines>
            </method>
          </methods>
          <lines>
            <line number="41" hits="548" branch="False" />
          </lines>
        </class>
        <class name="Mediana.MedianaConfiguration/EventRegistration" filename="Mediana/MedianaConfiguration.cs" line-rate="1" branch-rate="1" complexity="1">
          <methods>
            <method name="get_EventType" signature="()" line-rate="1" branch-rate="1" complexity="1">
              <lines>
                <line number="43" hits="159" branch="False" />
              </lines>
            </method>
          </methods>
          <lines>
            <line number="43" hits="159" branch="False" />
          </lines>
        </class>
        <class name="Mediana.MedianaDiagnostics" filename="Mediana/MedianaDiagnostics.cs" line-rate="1" branch-rate="1" complexity="9">
          <methods>
            <method name="StartDispatch" signature="(System.String)" line-rate="1" branch-rate="1" complexity="2">
              <lines>
                <line number="20" hits="5" branch="True" condition-coverage="100% (2/2)">
                  <conditions>
                    <condition number="10" type="jump" coverage="100%" />
                  </conditions>
                </line>
                <line number="21" hits="5" branch="False" />
                <line number="22" hits="5" branch="False" />
              </lines>
            </method>
            <method name="StartPublish" signature="(System.String)" line-rate="1" branch-rate="1" complexity="2">
              <lines>
                <line number="26" hits="4" branch="True" condition-coverage="100% (2/2)">
                  <conditions>
                    <condition number="10" type="jump" coverage="100%" />
                  </conditions>
                </line>
                <line number="27" hits="4" branch="False" />
                <line number="28" hits="4" branch="False" />
              </lines>
            </method>
            <method name="StartConsume" signature="(System.String)" line-rate="1" branch-rate="1" complexity="2">
              <lines>
                <line number="32" hits="4" branch="True" condition-coverage="100% (2/2)">
                  <conditions>
                    <condition number="10" type="jump" coverage="100%" />
                  </conditions>
                </line>
                <line number="33" hits="4" branch="False" />
                <line number="34" hits="4" branch="False" />
              </lines>
            </method>
            <method name="Enrich" signature="(System.Diagnostics.Activity,System.String,System.Object)" line-rate="1" branch-rate="1" complexity="2">
              <lines>
                <line number="41" hits="4" branch="True" condition-coverage="100% (2/2)">
                  <conditions>
                    <condition number="1" type="jump" coverage="100%" />
                  </conditions>
                </line>
                <line number="42" hits="4" branch="False" />
              </lines>
            </method>
            <method name=".cctor" signature="()" line-rate="1" branch-rate="1" complexity="1">
              <lines>
                <line number="15" hits="1" branch="False" />
                <line number="16" hits="1" branch="False" />
              </lines>
            </method>
          </methods>
          <lines>
            <line number="20" hits="5" branch="True" condition-coverage="100% (2/2)">
              <conditions>
                <condition number="10" type="jump" coverage="100%" />
              </conditions>
            </line>
            <line number="21" hits="5" branch="False" />
            <line number="22" hits="5" branch="False" />
            <line number="26" hits="4" branch="True" condition-coverage="100% (2/2)">
              <conditions>
                <condition number="10" type="jump" coverage="100%" />
              </conditions>
            </line>
            <line number="27" hits="4" branch="False" />
            <line number="28" hits="4" branch="False" />
            <line number="32" hits="4" branch="True" condition-coverage="100% (2/2)">
              <conditions>
                <condition number="10" type="jump" coverage="100%" />
              </conditions>
            </line>
            <line number="33" hits="4" branch="False" />
            <line number="34" hits="4" branch="False" />
            <line number="41" hits="4" branch="True" condition-coverage="100% (2/2)">
              <conditions>
                <condition number="1" type="jump" coverage="100%" />
              </conditions>
            </line>
            <line number="42" hits="4" branch="False" />
            <line number="15" hits="1" branch="False" />
            <line number="16" hits="1" branch="False" />
          </lines>
        </class>
        <class name="Mediana.Mediator" filename="Mediana/Mediator.cs" line-rate="0.9692000000000001" branch-rate="0.9523" complexity="50">
          <methods>
            <method name="get_Registry" signature="()" line-rate="1" branch-rate="1" complexity="1">
              <lines>
                <line number="27" hits="10" branch="False" />
              </lines>
            </method>
            <method name="WithRegistry" signature="(Mediana.Dispatch.MessageRegistry)" line-rate="1" branch-rate="1" complexity="1">
              <lines>
                <line number="34" hits="1" branch="False" />
              </lines>
            </method>
            <method name="Send" signature="(Mediana.Messaging.ICommand`1&lt;TResponse&gt;,System.Threading.CancellationToken)" line-rate="0.909" branch-rate="0.9" complexity="10">
              <lines>
                <line number="38" hits="14141" branch="False" />
                <line number="39" hits="14140" branch="True" condition-coverage="100% (2/2)">
                  <conditions>
                    <condition number="29" type="jump" coverage="100%" />
                  </conditions>
                </line>
                <line number="41" hits="14136" branch="True" condition-coverage="100% (2/2)">
                  <conditions>
                    <condition number="49" type="jump" coverage="100%" />
                  </conditions>
                </line>
                <line number="44" hits="6120" branch="True" condition-coverage="100% (2/2)">
                  <conditions>
                    <condition number="64" type="jump" coverage="100%" />
                  </conditions>
                </line>
                <line number="46" hits="6118" branch="False" />
                <line number="49" hits="2" branch="False" />
                <line number="54" hits="8016" branch="True" condition-coverage="100% (2/2)">
                  <conditions>
                    <condition number="119" type="jump" coverage="100%" />
                  </conditions>
                </line>
                <line number="56" hits="1" branch="False" />
                <line number="59" hits="8015" branch="True" condition-coverage="50% (1/2)">
                  <conditions>
                    <condition number="151" type="jump" coverage="50%" />
                  </conditions>
                </line>
                <line number="61" hits="8015" branch="False" />
                <line number="64" hits="0" branch="False" />
              </lines>
            </method>
            <method name="UntypedCommandHop" signature="(Mediana.Dispatch.IUntypedCallSite,System.Object,System.IServiceProvider,System.Threading.CancellationToken)" line-rate="1" branch-rate="1" complexity="1">
              <lines>
                <line number="69" hits="8015" branch="False" />
              </lines>
            </method>
            <method name="Send" signature="(Mediana.Messaging.IQuery`1&lt;TResponse&gt;,System.Threading.CancellationToken)" line-rate="0.909" branch-rate="0.9" complexity="10">
              <lines>
                <line number="73" hits="28" branch="False" />
                <line number="74" hits="27" branch="True" condition-coverage="100% (2/2)">
                  <conditions>
                    <condition number="29" type="jump" coverage="100%" />
                  </conditions>
                </line>
                <line number="78" hits="22" branch="True" condition-coverage="100% (2/2)">
                  <conditions>
                    <condition number="49" type="jump" coverage="100%" />
                  </conditions>
                </line>
                <line number="80" hits="11" branch="True" condition-coverage="100% (2/2)">
                  <conditions>
                    <condition number="64" type="jump" coverage="100%" />
                  </conditions>
                </line>
                <line number="82" hits="9" branch="False" />
                <line number="85" hits="2" branch="False" />
                <line number="88" hits="11" branch="True" condition-coverage="100% (2/2)">
                  <conditions>
                    <condition number="119" type="jump" coverage="100%" />
                  </conditions>
                </line>
                <line number="90" hits="1" branch="False" />
                <line number="93" hits="10" branch="True" condition-coverage="50% (1/2)">
                  <conditions>
                    <condition number="151" type="jump" coverage="50%" />
                  </conditions>
                </line>
                <line number="95" hits="10" branch="False" />
                <line number="98" hits="0" branch="False" />
              </lines>
            </method>
            <method name="UntypedQueryHop" signature="(Mediana.Dispatch.IUntypedCallSite,System.Object,System.IServiceProvider,System.Threading.CancellationToken)" line-rate="1" branch-rate="1" complexity="1">
              <lines>
                <line number="103" hits="10" branch="False" />
              </lines>
            </method>
            <method name="Publish" signature="(TEvent,System.Threading.CancellationToken)" line-rate="1" branch-rate="1" complexity="6">
              <lines>
                <line number="108" hits="6133" branch="False" />
                <line number="109" hits="6131" branch="False" />
                <line number="110" hits="6131" branch="True" condition-coverage="100% (2/2)">
                  <conditions>
                    <condition number="42" type="jump" coverage="100%" />
                  </conditions>
                </line>
                <line number="113" hits="1" branch="False" />
                <line number="116" hits="6130" branch="False" />
                <line number="117" hits="6130" branch="True" condition-coverage="100% (2/2)">
                  <conditions>
                    <condition number="68" type="jump" coverage="100%" />
                  </conditions>
                </line>
                <line number="120" hits="1" branch="False" />
                <line number="123" hits="6129" branch="True" condition-coverage="100% (2/2)">
                  <conditions>
                    <condition number="87" type="jump" coverage="100%" />
                  </conditions>
                </line>
                <line number="124" hits="6129" branch="False" />
                <line number="125" hits="6129" branch="False" />
              </lines>
            </method>
            <method name="Stream" signature="(Mediana.Messaging.IStreamQuery`1&lt;TRow&gt;,System.Threading.CancellationToken)" line-rate="1" branch-rate="1" complexity="4">
              <lines>
                <line number="130" hits="121" branch="False" />
                <line number="131" hits="120" branch="True" condition-coverage="100% (2/2)">
                  <conditions>
                    <condition number="29" type="jump" coverage="100%" />
                  </conditions>
                </line>
                <line number="132" hits="118" branch="True" condition-coverage="100% (2/2)">
                  <conditions>
                    <condition number="57" type="jump" coverage="100%" />
                  </conditions>
                </line>
                <line number="134" hits="117" branch="False" />
                <line number="137" hits="1" branch="False" />
              </lines>
            </method>
            <method name="SendExact" signature="(TRequest,System.Threading.CancellationToken)" line-rate="1" branch-rate="1" complexity="10">
              <lines>
                <line number="144" hits="1111" branch="True" condition-coverage="100% (4/4)">
                  <conditions>
                    <condition number="5" type="jump" coverage="100%" />
                    <condition number="13" type="jump" coverage="100%" />
                  </conditions>
                </line>
                <line number="146" hits="1" branch="False" />
                <line number="149" hits="1110" branch="True" condition-coverage="100% (2/2)">
                  <conditions>
                    <condition number="47" type="jump" coverage="100%" />
                  </conditions>
                </line>
                <line number="151" hits="1108" branch="True" condition-coverage="100% (2/2)">
                  <conditions>
                    <condition number="79" type="jump" coverage="100%" />
                  </conditions>
                </line>
                <line number="153" hits="1103" branch="False" />
                <line number="156" hits="5" branch="True" condition-coverage="100% (2/2)">
                  <conditions>
                    <condition number="109" type="jump" coverage="100%" />
                  </conditions>
                </line>
                <line number="158" hits="4" branch="False" />
                <line number="161" hits="1" branch="False" />
              </lines>
            </method>
            <method name="ThrowNoHandler" signature="(System.Type)" line-rate="1" branch-rate="1" complexity="1">
              <lines>
                <line number="219" hits="13" branch="False" />
                <line number="220" hits="13" branch="False" />
                <line number="221" hits="13" branch="False" />
                <line number="222" hits="13" branch="False" />
              </lines>
            </method>
            <method name="ThrowResponseTypeMismatch" signature="(Mediana.Dispatch.MessageEntry,System.Type)" line-rate="1" branch-rate="1" complexity="1">
              <lines>
                <line number="226" hits="7" branch="False" />
                <line number="227" hits="7" branch="False" />
                <line number="228" hits="7" branch="False" />
              </lines>
            </method>
            <method name="ThrowStreamMismatch" signature="(Mediana.Dispatch.MessageEntry)" line-rate="1" branch-rate="1" complexity="1">
              <lines>
                <line number="232" hits="1" branch="False" />
                <line number="233" hits="1" branch="False" />
              </lines>
            </method>
            <method name="CastBack" signature="(System.Threading.Tasks.ValueTask`1&lt;System.Object&gt;)" line-rate="1" branch-rate="1" complexity="2">
              <lines>
                <line number="237" hits="8025" branch="True" condition-coverage="100% (2/2)">
                  <conditions>
                    <condition number="7" type="jump" coverage="100%" />
                  </conditions>
                </line>
                <line number="239" hits="5375" branch="False" />
                <line number="242" hits="2650" branch="False" />
              </lines>
            </method>
            <method name=".ctor" signature="(Mediana.Dispatch.MessageRegistry,System.IServiceProvider)" line-rate="1" branch-rate="1" complexity="1">
              <lines>
                <line number="20" hits="101" branch="False" />
                <line number="22" hits="101" branch="False" />
                <line number="23" hits="101" branch="False" />
                <line number="24" hits="101" branch="False" />
              </lines>
            </method>
          </methods>
          <lines>
            <line number="27" hits="10" branch="False" />
            <line number="34" hits="1" branch="False" />
            <line number="38" hits="14141" branch="False" />
            <line number="39" hits="14140" branch="True" condition-coverage="100% (2/2)">
              <conditions>
                <condition number="29" type="jump" coverage="100%" />
              </conditions>
            </line>
            <line number="41" hits="14136" branch="True" condition-coverage="100% (2/2)">
              <conditions>
                <condition number="49" type="jump" coverage="100%" />
              </conditions>
            </line>
            <line number="44" hits="6120" branch="True" condition-coverage="100% (2/2)">
              <conditions>
                <condition number="64" type="jump" coverage="100%" />
              </conditions>
            </line>
            <line number="46" hits="6118" branch="False" />
            <line number="49" hits="2" branch="False" />
            <line number="54" hits="8016" branch="True" condition-coverage="100% (2/2)">
              <conditions>
                <condition number="119" type="jump" coverage="100%" />
              </conditions>
            </line>
            <line number="56" hits="1" branch="False" />
            <line number="59" hits="8015" branch="True" condition-coverage="50% (1/2)">
              <conditions>
                <condition number="151" type="jump" coverage="50%" />
              </conditions>
            </line>
            <line number="61" hits="8015" branch="False" />
            <line number="64" hits="0" branch="False" />
            <line number="69" hits="8015" branch="False" />
            <line number="73" hits="28" branch="False" />
            <line number="74" hits="27" branch="True" condition-coverage="100% (2/2)">
              <conditions>
                <condition number="29" type="jump" coverage="100%" />
              </conditions>
            </line>
            <line number="78" hits="22" branch="True" condition-coverage="100% (2/2)">
              <conditions>
                <condition number="49" type="jump" coverage="100%" />
              </conditions>
            </line>
            <line number="80" hits="11" branch="True" condition-coverage="100% (2/2)">
              <conditions>
                <condition number="64" type="jump" coverage="100%" />
              </conditions>
            </line>
            <line number="82" hits="9" branch="False" />
            <line number="85" hits="2" branch="False" />
            <line number="88" hits="11" branch="True" condition-coverage="100% (2/2)">
              <conditions>
                <condition number="119" type="jump" coverage="100%" />
              </conditions>
            </line>
            <line number="90" hits="1" branch="False" />
            <line number="93" hits="10" branch="True" condition-coverage="50% (1/2)">
              <conditions>
                <condition number="151" type="jump" coverage="50%" />
              </conditions>
            </line>
            <line number="95" hits="10" branch="False" />
            <line number="98" hits="0" branch="False" />
            <line number="103" hits="10" branch="False" />
            <line number="108" hits="6133" branch="False" />
            <line number="109" hits="6131" branch="False" />
            <line number="110" hits="6131" branch="True" condition-coverage="100% (2/2)">
              <conditions>
                <condition number="42" type="jump" coverage="100%" />
              </conditions>
            </line>
            <line number="113" hits="1" branch="False" />
            <line number="116" hits="6130" branch="False" />
            <line number="117" hits="6130" branch="True" condition-coverage="100% (2/2)">
              <conditions>
                <condition number="68" type="jump" coverage="100%" />
              </conditions>
            </line>
            <line number="120" hits="1" branch="False" />
            <line number="123" hits="6129" branch="True" condition-coverage="100% (2/2)">
              <conditions>
                <condition number="87" type="jump" coverage="100%" />
              </conditions>
            </line>
            <line number="124" hits="6129" branch="False" />
            <line number="125" hits="6129" branch="False" />
            <line number="130" hits="121" branch="False" />
            <line number="131" hits="120" branch="True" condition-coverage="100% (2/2)">
              <conditions>
                <condition number="29" type="jump" coverage="100%" />
              </conditions>
            </line>
            <line number="132" hits="118" branch="True" condition-coverage="100% (2/2)">
              <conditions>
                <condition number="57" type="jump" coverage="100%" />
              </conditions>
            </line>
            <line number="134" hits="117" branch="False" />
            <line number="137" hits="1" branch="False" />
            <line number="144" hits="1111" branch="True" condition-coverage="100% (4/4)">
              <conditions>
                <condition number="5" type="jump" coverage="100%" />
                <condition number="13" type="jump" coverage="100%" />
              </conditions>
            </line>
            <line number="146" hits="1" branch="False" />
            <line number="149" hits="1110" branch="True" condition-coverage="100% (2/2)">
              <conditions>
                <condition number="47" type="jump" coverage="100%" />
              </conditions>
            </line>
            <line number="151" hits="1108" branch="True" condition-coverage="100% (2/2)">
              <conditions>
                <condition number="79" type="jump" coverage="100%" />
              </conditions>
            </line>
            <line number="153" hits="1103" branch="False" />
            <line number="156" hits="5" branch="True" condition-coverage="100% (2/2)">
              <conditions>
                <condition number="109" type="jump" coverage="100%" />
              </conditions>
            </line>
            <line number="158" hits="4" branch="False" />
            <line number="161" hits="1" branch="False" />
            <line number="219" hits="13" branch="False" />
            <line number="220" hits="13" branch="False" />
            <line number="221" hits="13" branch="False" />
            <line number="222" hits="13" branch="False" />
            <line number="226" hits="7" branch="False" />
            <line number="227" hits="7" branch="False" />
            <line number="228" hits="7" branch="False" />
            <line number="232" hits="1" branch="False" />
            <line number="233" hits="1" branch="False" />
            <line number="237" hits="8025" branch="True" condition-coverage="100% (2/2)">
              <conditions>
                <condition number="7" type="jump" coverage="100%" />
              </conditions>
            </line>
            <line number="239" hits="5375" branch="False" />
            <line number="242" hits="2650" branch="False" />
            <line number="20" hits="101" branch="False" />
            <line number="22" hits="101" branch="False" />
            <line number="23" hits="101" branch="False" />
            <line number="24" hits="101" branch="False" />
          </lines>
        </class>
        <class name="Mediana.Mediator/ReferenceTypeFlag`1" filename="Mediana/Mediator.cs" line-rate="1" branch-rate="1" complexity="1">
          <methods>
            <method name=".cctor" signature="()" line-rate="1" branch-rate="1" complexity="1">
              <lines>
                <line number="251" hits="9" branch="False" />
              </lines>
            </method>
          </methods>
          <lines>
            <line number="251" hits="9" branch="False" />
          </lines>
        </class>
        <class name="Mediana.Mediator/ValueTypeResponse`1" filename="Mediana/Mediator.cs" line-rate="1" branch-rate="1" complexity="1">
          <methods>
            <method name=".cctor" signature="()" line-rate="1" branch-rate="1" complexity="1">
              <lines>
                <line number="257" hits="9" branch="False" />
              </lines>
            </method>
          </methods>
          <lines>
            <line number="257" hits="9" branch="False" />
          </lines>
        </class>
        <class name="Mediana.Mediator/&lt;AwaitCastBack&gt;d__19`1" filename="Mediana/Mediator.cs" line-rate="1" branch-rate="1" complexity="1">
          <methods>
            <method name="MoveNext" signature="()" line-rate="1" branch-rate="1" complexity="1">
              <lines>
                <line number="246" hits="2650" branch="False" />
              </lines>
            </method>
          </methods>
          <lines>
            <line number="246" hits="2650" branch="False" />
          </lines>
        </class>
        <class name="Mediana.Mediator/&lt;PublishParallel&gt;d__14" filename="Mediana/Mediator.cs" line-rate="1" branch-rate="1" complexity="10">
          <methods>
            <method name="MoveNext" signature="()" line-rate="1" branch-rate="1" complexity="10">
              <lines>
                <line number="182" hits="5" branch="False" />
                <line number="183" hits="5" branch="False" />
                <line number="184" hits="32" branch="True" condition-coverage="100% (2/2)">
                  <conditions>
                    <condition number="135" type="jump" coverage="100%" />
                  </conditions>
                </line>
                <line number="188" hits="11" branch="False" />
                <line number="189" hits="6" branch="False" />
                <line number="190" hits="5" branch="False" />
                <line number="193" hits="5" branch="True" condition-coverage="100% (2/2)">
                  <conditions>
                    <condition number="97" type="jump" coverage="100%" />
                  </conditions>
                </line>
                <line number="194" hits="5" branch="False" />
                <line number="199" hits="32" branch="True" condition-coverage="100% (2/2)">
                  <conditions>
                    <condition number="337" type="jump" coverage="100%" />
                  </conditions>
                </line>
                <line number="203" hits="11" branch="False" />
                <line number="204" hits="9" branch="False" />
                <line number="205" hits="2" branch="False" />
                <line number="207" hits="2" branch="True" condition-coverage="100% (2/2)">
                  <conditions>
                    <condition number="279" type="jump" coverage="100%" />
                  </conditions>
                </line>
                <line number="208" hits="2" branch="False" />
                <line number="211" hits="5" branch="True" condition-coverage="100% (2/2)">
                  <conditions>
                    <condition number="348" type="jump" coverage="100%" />
                  </conditions>
                </line>
                <line number="213" hits="4" branch="False" />
                <line number="215" hits="1" branch="False" />
              </lines>
            </method>
          </methods>
          <lines>
            <line number="182" hits="5" branch="False" />
            <line number="183" hits="5" branch="False" />
            <line number="184" hits="32" branch="True" condition-coverage="100% (2/2)">
              <conditions>
                <condition number="135" type="jump" coverage="100%" />
              </conditions>
            </line>
            <line number="188" hits="11" branch="False" />
            <line number="189" hits="6" branch="False" />
            <line number="190" hits="5" branch="False" />
            <line number="193" hits="5" branch="True" condition-coverage="100% (2/2)">
              <conditions>
                <condition number="97" type="jump" coverage="100%" />
              </conditions>
            </line>
            <line number="194" hits="5" branch="False" />
            <line number="199" hits="32" branch="True" condition-coverage="100% (2/2)">
              <conditions>
                <condition number="337" type="jump" coverage="100%" />
              </conditions>
            </line>
            <line number="203" hits="11" branch="False" />
            <line number="204" hits="9" branch="False" />
            <line number="205" hits="2" branch="False" />
            <line number="207" hits="2" branch="True" condition-coverage="100% (2/2)">
              <conditions>
                <condition number="279" type="jump" coverage="100%" />
              </conditions>
            </line>
            <line number="208" hits="2" branch="False" />
            <line number="211" hits="5" branch="True" condition-coverage="100% (2/2)">
              <conditions>
                <condition number="348" type="jump" coverage="100%" />
              </conditions>
            </line>
            <line number="213" hits="4" branch="False" />
            <line number="215" hits="1" branch="False" />
          </lines>
        </class>
        <class name="Mediana.Mediator/&lt;PublishSequential&gt;d__13" filename="Mediana/Mediator.cs" line-rate="1" branch-rate="1" complexity="2">
          <methods>
            <method name="MoveNext" signature="()" line-rate="1" branch-rate="1" complexity="2">
              <lines>
                <line number="170" hits="36688" branch="True" condition-coverage="100% (2/2)">
                  <conditions>
                    <condition number="184" type="jump" coverage="100%" />
                  </conditions>
                </line>
                <line number="172" hits="12226" branch="False" />
                <line number="174" hits="6118" branch="False" />
              </lines>
            </method>
          </methods>
          <lines>
            <line number="170" hits="36688" branch="True" condition-coverage="100% (2/2)">
              <conditions>
                <condition number="184" type="jump" coverage="100%" />
              </conditions>
            </line>
            <line number="172" hits="12226" branch="False" />
            <line number="174" hits="6118" branch="False" />
          </lines>
        </class>
        <class name="Mediana.MedianaServiceCollectionExtensions" filename="Mediana/ServiceCollectionExtensions.cs" line-rate="1" branch-rate="1" complexity="4">
          <methods>
            <method name="AddMediana" signature="(Microsoft.Extensions.DependencyInjection.IServiceCollection,System.Action`1&lt;Mediana.MedianaConfiguration&gt;)" line-rate="1" branch-rate="1" complexity="4">
              <lines>
                <line number="20" hits="83" branch="False" />
                <line number="22" hits="83" branch="False" />
                <line number="24" hits="83" branch="False" />
                <line number="25" hits="83" branch="False" />
                <line number="28" hits="412" branch="True" condition-coverage="100% (2/2)">
                  <conditions>
                    <condition number="94" type="jump" coverage="100%" />
                  </conditions>
                </line>
                <line number="30" hits="123" branch="True" condition-coverage="100% (2/2)">
                  <conditions>
                    <condition number="68" type="jump" coverage="100%" />
                  </conditions>
                </line>
                <line number="32" hits="16" branch="False" />
                <line number="36" hits="107" branch="False" />
                <line number="40" hits="83" branch="False" />
                <line number="43" hits="128" branch="False" />
                <line number="44" hits="77" branch="False" />
                <line number="45" hits="77" branch="False" />
              </lines>
            </method>
          </methods>
          <lines>
            <line number="20" hits="83" branch="False" />
            <line number="22" hits="83" branch="False" />
            <line number="24" hits="83" branch="False" />
            <line number="25" hits="83" branch="False" />
            <line number="28" hits="412" branch="True" condition-coverage="100% (2/2)">
              <conditions>
                <condition number="94" type="jump" coverage="100%" />
              </conditions>
            </line>
            <line number="30" hits="123" branch="True" condition-coverage="100% (2/2)">
              <conditions>
                <condition number="68" type="jump" coverage="100%" />
              </conditions>
            </line>
            <line number="32" hits="16" branch="False" />
            <line number="36" hits="107" branch="False" />
            <line number="40" hits="83" branch="False" />
            <line number="43" hits="128" branch="False" />
            <line number="44" hits="77" branch="False" />
            <line number="45" hits="77" branch="False" />
          </lines>
        </class>
        <class name="Mediana.Internal.Guard" filename="Mediana/Internal/Compat.cs" line-rate="1" branch-rate="1" complexity="3">
          <methods>
            <method name="ThrowNull" signature="(System.String)" line-rate="1" branch-rate="1" complexity="1">
              <lines>
                <line number="10" hits="6" branch="False" />
              </lines>
            </method>
            <method name="NotNull" signature="(System.Object,System.String)" line-rate="1" branch-rate="1" complexity="2">
              <lines>
                <line number="14" hits="20597" branch="True" condition-coverage="100% (2/2)">
                  <conditions>
                    <condition number="1" type="jump" coverage="100%" />
                  </conditions>
                </line>
                <line number="16" hits="5" branch="False" />
                <line number="18" hits="20592" branch="False" />
              </lines>
            </method>
          </methods>
          <lines>
            <line number="10" hits="6" branch="False" />
            <line number="14" hits="20597" branch="True" condition-coverage="100% (2/2)">
              <conditions>
                <condition number="1" type="jump" coverage="100%" />
              </conditions>
            </line>
            <line number="16" hits="5" branch="False" />
            <line number="18" hits="20592" branch="False" />
          </lines>
        </class>
        <class name="Mediana.Dispatch.ChainState`2" filename="Mediana/Dispatch/ChainState.cs" line-rate="1" branch-rate="1" complexity="15">
          <methods>
            <method name="Configure" signature="(Mediana.Pipeline.IHandlerMiddleware`2&lt;TRequest,TResponse&gt;[],Mediana.Pipeline.HandlerDelegate`2&lt;TRequest,TResponse&gt;)" line-rate="1" branch-rate="1" complexity="1">
              <lines>
                <line number="32" hits="27" branch="False" />
                <line number="33" hits="27" branch="False" />
                <line number="34" hits="27" branch="False" />
                <line number="35" hits="27" branch="False" />
              </lines>
            </method>
            <method name="Next" signature="(TRequest,System.Threading.CancellationToken)" line-rate="1" branch-rate="1" complexity="4">
              <lines>
                <line number="39" hits="39" branch="False" />
                <line number="40" hits="39" branch="False" />
                <line number="41" hits="39" branch="True" condition-coverage="100% (2/2)">
                  <conditions>
                    <condition number="18" type="jump" coverage="100%" />
                  </conditions>
                </line>
                <line number="43" hits="12" branch="False" />
                <line number="44" hits="12" branch="False" />
                <line number="47" hits="27" branch="True" condition-coverage="100% (2/2)">
                  <conditions>
                    <condition number="50" type="jump" coverage="100%" />
                  </conditions>
                </line>
                <line number="51" hits="26" branch="False" />
                <line number="52" hits="26" branch="False" />
                <line number="55" hits="1" branch="False" />
                <line number="56" hits="1" branch="False" />
                <line number="57" hits="1" branch="False" />
              </lines>
            </method>
            <method name="Return" signature="()" line-rate="1" branch-rate="1" complexity="1">
              <lines>
                <line number="63" hits="25" branch="False" />
                <line number="64" hits="25" branch="False" />
                <line number="65" hits="25" branch="False" />
                <line number="66" hits="25" branch="False" />
              </lines>
            </method>
            <method name="Take" signature="(System.IServiceProvider,System.Type[],Mediana.Pipeline.HandlerDelegate`2&lt;TRequest,TResponse&gt;)" line-rate="1" branch-rate="1" complexity="8">
              <lines>
                <line number="74" hits="27" branch="False" />
                <line number="75" hits="27" branch="True" condition-coverage="100% (2/2)">
                  <conditions>
                    <condition number="7" type="jump" coverage="100%" />
                  </conditions>
                </line>
                <line number="78" hits="8" branch="False" />
                <line number="82" hits="19" branch="False" />
                <line number="86" hits="27" branch="True" condition-coverage="100% (2/2)">
                  <conditions>
                    <condition number="25" type="jump" coverage="100%" />
                  </conditions>
                </line>
                <line number="88" hits="18" branch="False" />
                <line number="92" hits="9" branch="False" />
                <line number="93" hits="42" branch="True" condition-coverage="100% (2/2)">
                  <conditions>
                    <condition number="134" type="jump" coverage="100%" />
                  </conditions>
                </line>
                <line number="95" hits="13" branch="True" condition-coverage="100% (2/2)">
                  <conditions>
                    <condition number="60" type="jump" coverage="100%" />
                  </conditions>
                </line>
                <line number="96" hits="13" branch="False" />
                <line number="97" hits="13" branch="False" />
                <line number="101" hits="26" branch="False" />
                <line number="102" hits="26" branch="False" />
              </lines>
            </method>
            <method name=".ctor" signature="()" line-rate="1" branch-rate="1" complexity="1">
              <lines>
                <line number="16" hits="19" branch="False" />
                <line number="24" hits="19" branch="False" />
                <line number="27" hits="19" branch="False" />
                <line number="28" hits="19" branch="False" />
              </lines>
            </method>
          </methods>
          <lines>
            <line number="32" hits="27" branch="False" />
            <line number="33" hits="27" branch="False" />
            <line number="34" hits="27" branch="False" />
            <line number="35" hits="27" branch="False" />
            <line number="39" hits="39" branch="False" />
            <line number="40" hits="39" branch="False" />
            <line number="41" hits="39" branch="True" condition-coverage="100% (2/2)">
              <conditions>
                <condition number="18" type="jump" coverage="100%" />
              </conditions>
            </line>
            <line number="43" hits="12" branch="False" />
            <line number="44" hits="12" branch="False" />
            <line number="47" hits="27" branch="True" condition-coverage="100% (2/2)">
              <conditions>
                <condition number="50" type="jump" coverage="100%" />
              </conditions>
            </line>
            <line number="51" hits="26" branch="False" />
            <line number="52" hits="26" branch="False" />
            <line number="55" hits="1" branch="False" />
            <line number="56" hits="1" branch="False" />
            <line number="57" hits="1" branch="False" />
            <line number="63" hits="25" branch="False" />
            <line number="64" hits="25" branch="False" />
            <line number="65" hits="25" branch="False" />
            <line number="66" hits="25" branch="False" />
            <line number="74" hits="27" branch="False" />
            <line number="75" hits="27" branch="True" condition-coverage="100% (2/2)">
              <conditions>
                <condition number="7" type="jump" coverage="100%" />
              </conditions>
            </line>
            <line number="78" hits="8" branch="False" />
            <line number="82" hits="19" branch="False" />
            <line number="86" hits="27" branch="True" condition-coverage="100% (2/2)">
              <conditions>
                <condition number="25" type="jump" coverage="100%" />
              </conditions>
            </line>
            <line number="88" hits="18" branch="False" />
            <line number="92" hits="9" branch="False" />
            <line number="93" hits="42" branch="True" condition-coverage="100% (2/2)">
              <conditions>
                <condition number="134" type="jump" coverage="100%" />
              </conditions>
            </line>
            <line number="95" hits="13" branch="True" condition-coverage="100% (2/2)">
              <conditions>
                <condition number="60" type="jump" coverage="100%" />
              </conditions>
            </line>
            <line number="96" hits="13" branch="False" />
            <line number="97" hits="13" branch="False" />
            <line number="101" hits="26" branch="False" />
            <line number="102" hits="26" branch="False" />
            <line number="16" hits="19" branch="False" />
            <line number="24" hits="19" branch="False" />
            <line number="27" hits="19" branch="False" />
[...]
                <line number="74" hits="14" branch="False" />
              </lines>
            </method>
          </methods>
          <lines>
            <line number="27" hits="489" branch="False" />
            <line number="30" hits="269" branch="False" />
            <line number="32" hits="239" branch="False" />
            <line number="34" hits="239" branch="False" />
            <line number="36" hits="509" branch="False" />
            <line number="38" hits="255" branch="False" />
            <line number="41" hits="254" branch="False" />
            <line number="44" hits="239" branch="False" />
            <line number="47" hits="500" branch="False" />
            <line number="50" hits="505" branch="False" />
            <line number="55" hits="8" branch="True" condition-coverage="100% (2/2)">
              <conditions>
                <condition number="18" type="jump" coverage="100%" />
              </conditions>
            </line>
            <line number="58" hits="235" branch="True" condition-coverage="100% (2/2)">
              <conditions>
                <condition number="1" type="jump" coverage="100%" />
              </conditions>
            </line>
            <line number="60" hits="1" branch="False" />
            <line number="61" hits="1" branch="False" />
            <line number="63" hits="235" branch="False" />
            <line number="67" hits="14" branch="False" />
            <line number="68" hits="14" branch="False" />
            <line number="69" hits="14" branch="False" />
            <line number="70" hits="14" branch="False" />
            <line number="71" hits="14" branch="False" />
            <line number="72" hits="14" branch="False" />
            <line number="73" hits="14" branch="False" />
            <line number="74" hits="14" branch="False" />
          </lines>
        </class>
        <class name="Mediana.Messaging.GuidV7" filename="Mediana.Transport.Abstractions/Messaging/GuidV7.cs" line-rate="1" branch-rate="1" complexity="1">
          <methods>
            <method name="NewGuid" signature="()" line-rate="1" branch-rate="1" complexity="1">
              <lines>
                <line number="19" hits="118" branch="False" />
              </lines>
            </method>
          </methods>
          <lines>
            <line number="19" hits="118" branch="False" />
          </lines>
        </class>
        <class name="Mediana.Messaging.SystemTextJsonMessageSerializer" filename="Mediana.Transport.Abstractions/Messaging/Serialization.cs" line-rate="1" branch-rate="0.8" complexity="13">
          <methods>
            <method name="get_ContentType" signature="()" line-rate="1" branch-rate="1" complexity="1">
              <lines>
                <line number="36" hits="1" branch="False" />
              </lines>
            </method>
            <method name="Serialize" signature="(T)" line-rate="1" branch-rate="1" complexity="1">
              <lines>
                <line number="41" hits="5" branch="False" />
              </lines>
            </method>
            <method name="Deserialize" signature="(System.ReadOnlySpan`1&lt;System.Byte&gt;)" line-rate="1" branch-rate="0.75" complexity="4">
              <lines>
                <line number="46" hits="2" branch="True" condition-coverage="75% (3/4)">
                  <conditions>
                    <condition number="19" type="jump" coverage="100%" />
                    <condition number="37" type="jump" coverage="50%" />
                  </conditions>
                </line>
                <line number="47" hits="2" branch="False" />
              </lines>
            </method>
            <method name="Deserialize" signature="(System.ReadOnlySpan`1&lt;System.Byte&gt;,System.Type)" line-rate="1" branch-rate="0.75" complexity="4">
              <lines>
                <line number="52" hits="2" branch="True" condition-coverage="75% (3/4)">
                  <conditions>
                    <condition number="25" type="jump" coverage="100%" />
                    <condition number="35" type="jump" coverage="50%" />
                  </conditions>
                </line>
                <line number="53" hits="2" branch="False" />
              </lines>
            </method>
            <method name=".ctor" signature="(System.Text.Json.JsonSerializerOptions)" line-rate="1" branch-rate="1" complexity="2">
              <lines>
                <line number="31" hits="3" branch="False" />
                <line number="33" hits="3" branch="True" condition-coverage="100% (2/2)">
                  <conditions>
                    <condition number="9" type="jump" coverage="100%" />
                  </conditions>
                </line>
                <line number="34" hits="3" branch="False" />
              </lines>
            </method>
            <method name=".cctor" signature="()" line-rate="1" branch-rate="1" complexity="1">
              <lines>
                <line number="27" hits="1" branch="False" />
              </lines>
            </method>
          </methods>
          <lines>
            <line number="36" hits="1" branch="False" />
            <line number="41" hits="5" branch="False" />
            <line number="46" hits="2" branch="True" condition-coverage="75% (3/4)">
              <conditions>
                <condition number="19" type="jump" coverage="100%" />
                <condition number="37" type="jump" coverage="50%" />
              </conditions>
            </line>
            <line number="47" hits="2" branch="False" />
            <line number="52" hits="2" branch="True" condition-coverage="75% (3/4)">
              <conditions>
                <condition number="25" type="jump" coverage="100%" />
                <condition number="35" type="jump" coverage="50%" />
              </conditions>
            </line>
            <line number="53" hits="2" branch="False" />
            <line number="31" hits="3" branch="False" />
            <line number="33" hits="3" branch="True" condition-coverage="100% (2/2)">
              <conditions>
                <condition number="9" type="jump" coverage="100%" />
              </conditions>
            </line>
            <line number="34" hits="3" branch="False" />
            <line number="27" hits="1" branch="False" />
          </lines>
        </class>
        <class name="Mediana.Messaging.SystemTextJsonMessageSerializer/JsonOptions" filename="Mediana.Transport.Abstractions/Messaging/Serialization.cs" line-rate="1" branch-rate="1" complexity="1">
          <methods>
            <method name=".cctor" signature="()" line-rate="1" branch-rate="1" complexity="1">
              <lines>
                <line number="57" hits="1" branch="False" />
              </lines>
            </method>
          </methods>
          <lines>
            <line number="57" hits="1" branch="False" />
          </lines>
        </class>
        <class name="Mediana.Messaging.SerializationException" filename="Mediana.Transport.Abstractions/Messaging/Serialization.cs" line-rate="1" branch-rate="1" complexity="2">
          <methods>
            <method name=".ctor" signature="(System.String)" line-rate="1" branch-rate="1" complexity="1">
              <lines>
                <line number="65" hits="7" branch="False" />
                <line number="67" hits="7" branch="False" />
              </lines>
            </method>
            <method name=".ctor" signature="(System.String,System.Exception)" line-rate="1" branch-rate="1" complexity="1">
              <lines>
                <line number="70" hits="1" branch="False" />
                <line number="72" hits="1" branch="False" />
              </lines>
            </method>
          </methods>
          <lines>
            <line number="65" hits="7" branch="False" />
            <line number="67" hits="7" branch="False" />
            <line number="70" hits="1" branch="False" />
            <line number="72" hits="1" branch="False" />
          </lines>
        </class>
        <class name="Mediana.Inbox.InMemoryInboxStore" filename="Mediana.Transport.Abstractions/Inbox/InboxStore.cs" line-rate="1" branch-rate="1" complexity="7">
          <methods>
            <method name="TryBegin" signature="(System.String,System.String)" line-rate="1" branch-rate="1" complexity="4">
              <lines>
                <line number="36" hits="39" branch="False" />
                <line number="38" hits="39" branch="False" />
                <line number="39" hits="39" branch="True" condition-coverage="100% (2/2)">
                  <conditions>
                    <condition number="37" type="jump" coverage="100%" />
                  </conditions>
                </line>
                <line number="41" hits="21" branch="False" />
                <line number="42" hits="28" branch="True" condition-coverage="100% (2/2)">
                  <conditions>
                    <condition number="99" type="jump" coverage="100%" />
                  </conditions>
                </line>
                <line number="44" hits="7" branch="False" />
                <line number="48" hits="39" branch="False" />
                <line number="50" hits="39" branch="False" />
              </lines>
            </method>
            <method name="Complete" signature="(System.String,System.String)" line-rate="1" branch-rate="1" complexity="1">
              <lines>
                <line number="54" hits="1" branch="False" />
                <line number="57" hits="1" branch="False" />
                <line number="59" hits="1" branch="False" />
              </lines>
            </method>
            <method name="Key" signature="(System.String,System.String)" line-rate="1" branch-rate="1" complexity="1">
              <lines>
                <line number="63" hits="60" branch="False" />
              </lines>
            </method>
            <method name=".ctor" signature="(System.Int32)" line-rate="1" branch-rate="1" complexity="1">
              <lines>
                <line number="24" hits="8" branch="False" />
                <line number="25" hits="8" branch="False" />
                <line number="26" hits="8" branch="False" />
                <line number="29" hits="8" branch="False" />
                <line number="31" hits="8" branch="False" />
                <line number="32" hits="8" branch="False" />
              </lines>
            </method>
          </methods>
          <lines>
            <line number="36" hits="39" branch="False" />
            <line number="38" hits="39" branch="False" />
            <line number="39" hits="39" branch="True" condition-coverage="100% (2/2)">
              <conditions>
                <condition number="37" type="jump" coverage="100%" />
              </conditions>
            </line>
            <line number="41" hits="21" branch="False" />
            <line number="42" hits="28" branch="True" condition-coverage="100% (2/2)">
              <conditions>
                <condition number="99" type="jump" coverage="100%" />
              </conditions>
            </line>
            <line number="44" hits="7" branch="False" />
            <line number="48" hits="39" branch="False" />
            <line number="50" hits="39" branch="False" />
            <line number="54" hits="1" branch="False" />
            <line number="57" hits="1" branch="False" />
            <line number="59" hits="1" branch="False" />
            <line number="63" hits="60" branch="False" />
            <line number="24" hits="8" branch="False" />
            <line number="25" hits="8" branch="False" />
            <line number="26" hits="8" branch="False" />
            <line number="29" hits="8" branch="False" />
            <line number="31" hits="8" branch="False" />
            <line number="32" hits="8" branch="False" />
          </lines>
        </class>
        <class name="Mediana.Consuming.ConsumerPipeline" filename="Mediana.Transport.Abstractions/Consuming/ConsumerPipeline.cs" line-rate="1" branch-rate="1" complexity="1">
          <methods>
            <method name=".ctor" signature="(Mediana.Inbox.IInboxStore,Microsoft.Extensions.Logging.ILogger)" line-rate="1" branch-rate="1" complexity="1">
              <lines>
                <line number="19" hits="5" branch="False" />
                <line number="21" hits="5" branch="False" />
                <line number="22" hits="5" branch="False" />
                <line number="23" hits="5" branch="False" />
              </lines>
            </method>
          </methods>
          <lines>
            <line number="19" hits="5" branch="False" />
            <line number="21" hits="5" branch="False" />
            <line number="22" hits="5" branch="False" />
            <line number="23" hits="5" branch="False" />
          </lines>
        </class>
        <class name="Mediana.Consuming.ConsumerPipeline/&lt;&gt;c" filename="Mediana.Transport.Abstractions/Consuming/ConsumerPipeline.cs" line-rate="1" branch-rate="1" complexity="1">
          <methods>
            <method name="&lt;Process&gt;b__3_0" signature="(System.Exception)" line-rate="1" branch-rate="1" complexity="1">
              <lines>
                <line number="35" hits="14" branch="False" />
              </lines>
            </method>
          </methods>
          <lines>
            <line number="35" hits="14" branch="False" />
          </lines>
        </class>
        <class name="Mediana.Consuming.ConsumerPipeline/&lt;&gt;c__DisplayClass3_0" filename="Mediana.Transport.Abstractions/Consuming/ConsumerPipeline.cs" line-rate="1" branch-rate="1" complexity="1">
          <methods>
            <method name="&lt;Process&gt;b__1" signature="(System.Int32,System.Threading.CancellationToken)" line-rate="1" branch-rate="1" complexity="1">
              <lines>
                <line number="48" hits="10" branch="False" />
              </lines>
            </method>
          </methods>
          <lines>
            <line number="48" hits="10" branch="False" />
          </lines>
        </class>
        <class name="Mediana.Consuming.ConsumerPipeline/&lt;Process&gt;d__3" filename="Mediana.Transport.Abstractions/Consuming/ConsumerPipeline.cs" line-rate="1" branch-rate="0.9" complexity="10">
          <methods>
            <method name="MoveNext" signature="()" line-rate="1" branch-rate="0.9" complexity="10">
              <lines>
                <line number="34" hits="8" branch="True" condition-coverage="100% (2/2)">
                  <conditions>
                    <condition number="91" type="jump" coverage="100%" />
                  </conditions>
                </line>
                <line number="37" hits="8" branch="True" condition-coverage="100% (2/2)">
                  <conditions>
                    <condition number="299" type="jump" coverage="100%" />
                  </conditions>
                </line>
                <line number="40" hits="1" branch="True" condition-coverage="50% (1/2)">
                  <conditions>
                    <condition number="311" type="jump" coverage="50%" />
                  </conditions>
                </line>
                <line number="41" hits="1" branch="False" />
                <line number="42" hits="1" branch="False" />
                <line number="47" hits="7" branch="False" />
                <line number="49" hits="7" branch="False" />
                <line number="50" hits="7" branch="False" />
                <line number="51" hits="7" branch="False" />
                <line number="52" hits="4" branch="False" />
                <line number="53" hits="4" branch="False" />
                <line number="54" hits="3" branch="False" />
                <line number="56" hits="3" branch="True" condition-coverage="100% (2/2)">
                  <conditions>
                    <condition number="822" type="jump" coverage="100%" />
                  </conditions>
                </line>
                <line number="58" hits="3" branch="False" />
                <line number="60" hits="8" branch="False" />
              </lines>
            </method>
          </methods>
          <lines>
            <line number="34" hits="8" branch="True" condition-coverage="100% (2/2)">
              <conditions>
                <condition number="91" type="jump" coverage="100%" />
              </conditions>
            </line>
            <line number="37" hits="8" branch="True" condition-coverage="100% (2/2)">
              <conditions>
                <condition number="299" type="jump" coverage="100%" />
              </conditions>
            </line>
            <line number="40" hits="1" branch="True" condition-coverage="50% (1/2)">
              <conditions>
                <condition number="311" type="jump" coverage="50%" />
              </conditions>
            </line>
            <line number="41" hits="1" branch="False" />
            <line number="42" hits="1" branch="False" />
            <line number="47" hits="7" branch="False" />
            <line number="49" hits="7" branch="False" />
            <line number="50" hits="7" branch="False" />
            <line number="51" hits="7" branch="False" />
            <line number="52" hits="4" branch="False" />
            <line number="53" hits="4" branch="False" />
            <line number="54" hits="3" branch="False" />
            <line number="56" hits="3" branch="True" condition-coverage="100% (2/2)">
              <conditions>
                <condition number="822" type="jump" coverage="100%" />
              </conditions>
            </line>
            <line number="58" hits="3" branch="False" />
            <line number="60" hits="8" branch="False" />
          </lines>
        </class>
        <class name="Mediana.Consuming.ConsumerHostService" filename="Mediana.Transport.Abstractions/Consuming/ConsumerPipeline.cs" line-rate="1" branch-rate="1" complexity="1">
          <methods>
            <method name=".ctor" signature="(Mediana.Transports.IConsumerHost)" line-rate="1" branch-rate="1" complexity="1">
              <lines>
                <line number="71" hits="1" branch="False" />
                <line number="73" hits="1" branch="False" />
                <line number="74" hits="1" branch="False" />
              </lines>
            </method>
          </methods>
          <lines>
            <line number="71" hits="1" branch="False" />
            <line number="73" hits="1" branch="False" />
            <line number="74" hits="1" branch="False" />
          </lines>
        </class>
        <class name="Mediana.Consuming.ConsumerHostService/&lt;ExecuteAsync&gt;d__2" filename="Mediana.Transport.Abstractions/Consuming/ConsumerPipeline.cs" line-rate="0.8571" branch-rate="1" complexity="1">
          <methods>
            <method name="MoveNext" signature="()" line-rate="0.8571" branch-rate="1" complexity="1">
              <lines>
                <line number="78" hits="1" branch="False" />
                <line number="81" hits="1" branch="False" />
                <line number="82" hits="0" branch="False" />
                <line number="83" hits="1" branch="False" />
                <line number="86" hits="1" branch="False" />
                <line number="88" hits="1" branch="False" />
                <line number="89" hits="1" branch="False" />
              </lines>
            </method>
          </methods>
          <lines>
            <line number="78" hits="1" branch="False" />
            <line number="81" hits="1" branch="False" />
            <line number="82" hits="0" branch="False" />
            <line number="83" hits="1" branch="False" />
            <line number="86" hits="1" branch="False" />
            <line number="88" hits="1" branch="False" />
            <line number="89" hits="1" branch="False" />
          </lines>
        </class>
      </classes>
    </package>
  </packages>
</coverage>