<?xml version="1.0" encoding="utf-8"?>
<coverage line-rate="0.9351" branch-rate="0.8256" version="1.9" timestamp="1788286864" lines-covered="505" lines-valid="540" branches-covered="232" branches-valid="281">
  <sources>
    <source>F:/Projects/Mediana/src/</source>
  </sources>
  <packages>
    <package name="Mediana.Abstractions" line-rate="1" branch-rate="1" complexity="8">
      <classes>
        <class name="Mediana.MediatorConfigurationException" filename="Mediana.Abstractions/Exceptions.cs" line-rate="1" branch-rate="1" complexity="2">
          <methods>
            <method name=".ctor" signature="(System.String)" line-rate="1" branch-rate="1" complexity="1">
              <lines>
                <line number="7" hits="22" branch="False" />
                <line number="9" hits="22" branch="False" />
              </lines>
            </method>
            <method name=".ctor" signature="(System.String,System.Exception)" line-rate="1" branch-rate="1" complexity="1">
              <lines>
                <line number="12" hits="1" branch="False" />
                <line number="14" hits="1" branch="False" />
              </lines>
            </method>
          </methods>
          <lines>
            <line number="7" hits="22" branch="False" />
            <line number="9" hits="22" branch="False" />
            <line number="12" hits="1" branch="False" />
            <line number="14" hits="1" branch="False" />
          </lines>
        </class>
        <class name="Mediana.RemoteExecutionException" filename="Mediana.Abstractions/Exceptions.cs" line-rate="1" branch-rate="1" complexity="5">
          <methods>
            <method name="get_RemoteErrorType" signature="()" line-rate="1" branch-rate="1" complexity="1">
              <lines>
                <line number="30" hits="2" branch="False" />
              </lines>
            </method>
            <method name="get_Details" signature="()" line-rate="1" branch-rate="1" complexity="1">
              <lines>
                <line number="32" hits="3" branch="False" />
              </lines>
            </method>
            <method name=".ctor" signature="(System.String,System.String,System.Collections.Generic.IReadOnlyDictionary`2&lt;System.String,System.String&gt;)" line-rate="1" branch-rate="1" complexity="2">
              <lines>
                <line number="24" hits="2" branch="False" />
                <line number="26" hits="2" branch="False" />
                <line number="27" hits="2" branch="True" condition-coverage="100% (2/2)">
                  <conditions>
                    <condition number="17" type="jump" coverage="100%" />
                  </conditions>
                </line>
                <line number="28" hits="2" branch="False" />
              </lines>
            </method>
            <method name=".cctor" signature="()" line-rate="1" branch-rate="1" complexity="1">
              <lines>
                <line number="34" hits="1" branch="False" />
                <line number="35" hits="1" branch="False" />
              </lines>
            </method>
          </methods>
          <lines>
            <line number="30" hits="2" branch="False" />
            <line number="32" hits="3" branch="False" />
            <line number="24" hits="2" branch="False" />
            <line number="26" hits="2" branch="False" />
            <line number="27" hits="2" branch="True" condition-coverage="100% (2/2)">
              <conditions>
                <condition number="17" type="jump" coverage="100%" />
              </conditions>
            </line>
            <line number="28" hits="2" branch="False" />
            <line number="34" hits="1" branch="False" />
            <line number="35" hits="1" branch="False" />
          </lines>
        </class>
        <class name="Mediana.RemoteTimeoutException" filename="Mediana.Abstractions/Exceptions.cs" line-rate="1" branch-rate="1" complexity="1">
          <methods>
            <method name=".ctor" signature="(System.String)" line-rate="1" branch-rate="1" complexity="1">
              <lines>
                <line number="42" hits="1" branch="False" />
                <line number="44" hits="1" branch="False" />
              </lines>
            </method>
          </methods>
          <lines>
            <line number="42" hits="1" branch="False" />
            <line number="44" hits="1" branch="False" />
          </lines>
        </class>
      </classes>
    </package>
    <package name="Mediana" line-rate="0.9334" branch-rate="0.8243" complexity="331">
      <classes>
        <class name="Mediana.MedianaConfiguration" filename="Mediana/MedianaConfiguration.cs" line-rate="0.9833" branch-rate="0.8701000000000001" complexity="86">
          <methods>
            <method name="UseSingletonHandlers" signature="()" line-rate="1" branch-rate="1" complexity="1">
              <lines>
                <line number="48" hits="16" branch="False" />
                <line number="49" hits="16" branch="False" />
              </lines>
            </method>
            <method name="AddCommandHandler" signature="()" line-rate="1" branch-rate="1" complexity="2">
              <lines>
                <line number="56" hits="20" branch="True" condition-coverage="100% (2/2)">
                  <conditions>
                    <condition number="43" type="jump" coverage="100%" />
                  </conditions>
                </line>
                <line number="57" hits="20" branch="False" />
                <line number="58" hits="40" branch="False" />
                <line number="59" hits="20" branch="False" />
              </lines>
            </method>
            <method name="AddQueryHandler" signature="()" line-rate="1" branch-rate="1" complexity="2">
              <lines>
                <line number="66" hits="12" branch="True" condition-coverage="100% (2/2)">
                  <conditions>
                    <condition number="43" type="jump" coverage="100%" />
                  </conditions>
                </line>
                <line number="67" hits="12" branch="False" />
                <line number="68" hits="24" branch="False" />
                <line number="69" hits="12" branch="False" />
              </lines>
            </method>
            <method name="AddStreamHandler" signature="()" line-rate="1" branch-rate="1" complexity="2">
              <lines>
                <line number="76" hits="9" branch="True" condition-coverage="100% (2/2)">
                  <conditions>
                    <condition number="43" type="jump" coverage="100%" />
                  </conditions>
                </line>
                <line number="77" hits="9" branch="False" />
                <line number="78" hits="18" branch="False" />
                <line number="79" hits="9" branch="False" />
              </lines>
            </method>
            <method name="AddEventHandler" signature="()" line-rate="1" branch-rate="1" complexity="2">
              <lines>
                <line number="86" hits="21" branch="True" condition-coverage="100% (2/2)">
                  <conditions>
                    <condition number="32" type="jump" coverage="100%" />
                  </conditions>
                </line>
                <line number="87" hits="21" branch="False" />
                <line number="88" hits="42" branch="False" />
                <line number="89" hits="21" branch="False" />
              </lines>
            </method>
            <method name="AddBehavior" signature="()" line-rate="1" branch-rate="1" complexity="1">
              <lines>
                <line number="97" hits="9" branch="False" />
                <line number="98" hits="9" branch="False" />
              </lines>
            </method>
            <method name="AddEventBehavior" signature="()" line-rate="1" branch-rate="1" complexity="1">
              <lines>
                <line number="106" hits="7" branch="False" />
                <line number="107" hits="7" branch="False" />
              </lines>
            </method>
            <method name="AddStreamBehavior" signature="()" line-rate="1" branch-rate="1" complexity="1">
              <lines>
                <line number="115" hits="2" branch="False" />
                <line number="116" hits="2" branch="False" />
              </lines>
            </method>
            <method name="SetEventPolicy" signature="(Mediana.Dispatch.EventDispatchPolicy)" line-rate="1" branch-rate="1" complexity="1">
              <lines>
                <line number="122" hits="4" branch="False" />
                <line number="123" hits="4" branch="False" />
              </lines>
            </method>
            <method name="AddHandlersFromAssembly" signature="(System.Reflection.Assembly)" line-rate="1" branch-rate="0.909" complexity="22">
              <lines>
                <line number="134" hits="2" branch="False" />
                <line number="136" hits="6142" branch="True" condition-coverage="100% (2/2)">
                  <conditions>
                    <condition number="377" type="jump" coverage="100%" />
                  </conditions>
                </line>
                <line number="138" hits="3069" branch="True" condition-coverage="75% (6/8)">
                  <conditions>
                    <condition number="30" type="jump" coverage="50%" />
                    <condition number="41" type="jump" coverage="100%" />
                    <condition number="52" type="jump" coverage="50%" />
                    <condition number="63" type="jump" coverage="100%" />
                  </conditions>
                </line>
                <line number="143" hits="10185" branch="True" condition-coverage="100% (2/2)">
                  <conditions>
                    <condition number="364" type="jump" coverage="100%" />
                  </conditions>
                </line>
                <line number="145" hits="3019" branch="True" condition-coverage="100% (2/2)">
                  <conditions>
                    <condition number="96" type="jump" coverage="100%" />
                  </conditions>
                </line>
                <line number="150" hits="787" branch="False" />
                <line number="151" hits="787" branch="False" />
                <line number="152" hits="787" branch="True" condition-coverage="100% (2/2)">
                  <conditions>
                    <condition number="136" type="jump" coverage="100%" />
                  </conditions>
                </line>
                <line number="154" hits="9" branch="False" />
                <line number="156" hits="778" branch="True" condition-coverage="100% (2/2)">
                  <conditions>
                    <condition number="180" type="jump" coverage="100%" />
                  </conditions>
                </line>
                <line number="158" hits="6" branch="False" />
                <line number="160" hits="772" branch="True" condition-coverage="100% (2/2)">
                  <conditions>
                    <condition number="224" type="jump" coverage="100%" />
                  </conditions>
                </line>
                <line number="162" hits="3" branch="False" />
                <line number="164" hits="769" branch="True" condition-coverage="100% (2/2)">
                  <conditions>
                    <condition number="265" type="jump" coverage="100%" />
                  </conditions>
                </line>
                <line number="166" hits="7" branch="False" />
                <line number="167" hits="7" branch="False" />
                <line number="168" hits="7" branch="False" />
                <line number="169" hits="7" branch="False" />
                <line number="170" hits="7" branch="False" />
                <line number="171" hits="7" branch="False" />
                <line number="182" hits="2" branch="False" />
              </lines>
            </method>
            <method name="AddScanned" signature="(System.Type,System.Type[],System.Type,Mediana.Dispatch.HandlerKind)" line-rate="1" branch-rate="1" complexity="1">
              <lines>
                <line number="188" hits="18" branch="False" />
                <line number="189" hits="18" branch="False" />
                <line number="190" hits="18" branch="False" />
                <line number="191" hits="18" branch="False" />
                <line number="192" hits="18" branch="False" />
                <line number="193" hits="22" branch="False" />
                <line number="194" hits="18" branch="False" />
              </lines>
            </method>
            <method name="Freeze" signature="()" line-rate="0.9743" branch-rate="0.9259000000000001" complexity="27">
              <lines>
                <line number="198" hits="59" branch="False" />
                <line number="199" hits="59" branch="False" />
                <line number="200" hits="59" branch="False" />
                <line number="202" hits="204" branch="True" condition-coverage="100% (2/2)">
                  <conditions>
                    <condition number="443" type="jump" coverage="100%" />
                  </conditions>
                </line>
                <line number="204" hits="45" branch="False" />
                <line number="205" hits="45" branch="False" />
                <line number="206" hits="45" branch="True" condition-coverage="60% (3/5)">
                  <conditions>
                    <condition number="120" type="switch" coverage="60%" />
                  </conditions>
                </line>
                <line number="211" hits="23" branch="True" condition-coverage="100% (2/2)">
                  <conditions>
                    <condition number="153" type="jump" coverage="100%" />
                  </conditions>
                </line>
                <line number="213" hits="2" branch="False" />
                <line number="214" hits="2" branch="False" />
                <line number="217" hits="21" branch="False" />
                <line number="218" hits="21" branch="False" />
                <line number="220" hits="12" branch="True" condition-coverage="100% (2/2)">
                  <conditions>
                    <condition number="232" type="jump" coverage="100%" />
                  </conditions>
                </line>
                <line number="222" hits="1" branch="False" />
                <line number="223" hits="1" branch="False" />
                <line number="226" hits="11" branch="False" />
                <line number="227" hits="11" branch="False" />
                <line number="229" hits="10" branch="True" condition-coverage="100% (2/2)">
                  <conditions>
                    <condition number="311" type="jump" coverage="100%" />
                  </conditions>
                </line>
                <line number="231" hits="1" branch="False" />
                <line number="232" hits="1" branch="False" />
                <line number="235" hits="9" branch="False" />
                <line number="236" hits="9" branch="False" />
                <line number="238" hits="0" branch="False" />
                <line number="242" hits="152" branch="True" condition-coverage="100% (2/2)">
                  <conditions>
                    <condition number="568" type="jump" coverage="100%" />
                  </conditions>
                </line>
                <line number="244" hits="21" branch="True" condition-coverage="100% (2/2)">
                  <conditions>
                    <condition number="519" type="jump" coverage="100%" />
                  </conditions>
                </line>
                <line number="246" hits="14" branch="False" />
                <line number="247" hits="14" branch="False" />
                <line number="250" hits="21" branch="False" />
                <line number="253" hits="138" branch="True" condition-coverage="100% (2/2)">
                  <conditions>
                    <condition number="653" type="jump" coverage="100%" />
                  </conditions>
                </line>
                <line number="255" hits="14" branch="False" />
                <line number="258" hits="117" branch="True" condition-coverage="100% (2/2)">
                  <conditions>
                    <condition number="808" type="jump" coverage="100%" />
                  </conditions>
                </line>
                <line number="260" hits="4" branch="True" condition-coverage="100% (4/4)">
                  <conditions>
                    <condition number="724" type="jump" coverage="100%" />
                    <condition number="734" type="jump" coverage="100%" />
                  </conditions>
                </line>
                <line number="262" hits="1" branch="False" />
                <line number="263" hits="1" branch="False" />
                <line number="266" hits="3" branch="False" />
                <line number="269" hits="54" branch="False" />
                <line number="270" hits="206" branch="True" condition-coverage="100% (2/2)">
                  <conditions>
                    <condition number="903" type="jump" coverage="100%" />
                  </conditions>
                </line>
                <line number="272" hits="49" branch="False" />
                <line number="275" hits="54" branch="False" />
              </lines>
            </method>
            <method name="EnsureEntry" signature="(System.Collections.Generic.Dictionary`2&lt;System.Type,Mediana.Dispatch.MessageEntry&gt;,System.Type,Mediana.Dispatch.HandlerKind,System.Type)" line-rate="1" branch-rate="1" complexity="2">
              <lines>
                <line number="281" hits="59" branch="True" condition-coverage="100% (2/2)">
                  <conditions>
                    <condition number="9" type="jump" coverage="100%" />
                  </conditions>
                </line>
                <line number="283" hits="55" branch="False" />
                <line number="284" hits="55" branch="False" />
                <line number="287" hits="59" branch="False" />
              </lines>
            </method>
            <method name="ImplementsClosedInterface" signature="(System.Type,System.Type,System.Type,System.Type)" line-rate="0.875" branch-rate="0.5832999999999999" complexity="12">
              <lines>
                <line number="293" hits="51" branch="True" condition-coverage="50% (1/2)">
                  <conditions>
                    <condition number="92" type="jump" coverage="50%" />
                  </conditions>
                </line>
                <line number="295" hits="17" branch="True" condition-coverage="50% (2/4)">
                  <conditions>
                    <condition number="21" type="jump" coverage="50%" />
                    <condition number="35" type="jump" coverage="50%" />
                  </conditions>
                </line>
                <line number="300" hits="17" branch="False" />
                <line number="301" hits="17" branch="True" condition-coverage="100% (2/2)">
                  <conditions>
                    <condition number="48" type="jump" coverage="100%" />
                  </conditions>
                </line>
                <line number="303" hits="7" branch="False" />
                <line number="306" hits="10" branch="True" condition-coverage="50% (2/4)">
                  <conditions>
                    <condition number="69" type="jump" coverage="50%" />
                    <condition number="80" type="jump" coverage="50%" />
                  </conditions>
                </line>
                <line number="308" hits="10" branch="False" />
                <line number="312" hits="0" branch="False" />
              </lines>
            </method>
            <method name="CollectBehaviorTypes" signature="(System.Type,System.Type,Mediana.Dispatch.HandlerKind)" line-rate="1" branch-rate="1" complexity="4">
              <lines>
                <line number="317" hits="45" branch="True" condition-coverage="100% (2/2)">
                  <conditions>
                    <condition number="23" type="jump" coverage="100%" />
                  </conditions>
                </line>
                <line number="318" hits="45" branch="False" />
                <line number="319" hits="11" branch="True" condition-coverage="100% (2/2)">
                  <conditions>
                    <condition number="17" type="jump" coverage="100%" />
                  </conditions>
                </line>
                <line number="320" hits="11" branch="False" />
                <line number="321" hits="55" branch="False" />
              </lines>
            </method>
            <method name="CollectEventBehaviorTypes" signature="(System.Type)" line-rate="1" branch-rate="0.5" complexity="2">
              <lines>
                <line number="326" hits="21" branch="False" />
                <line number="327" hits="7" branch="True" condition-coverage="50% (1/2)">
                  <conditions>
                    <condition number="21" type="jump" coverage="50%" />
                  </conditions>
                </line>
                <line number="328" hits="7" branch="False" />
                <line number="329" hits="28" branch="False" />
              </lines>
            </method>
            <method name="get_IsSingleton" signature="()" line-rate="1" branch-rate="1" complexity="1">
              <lines>
                <line number="332" hits="77" branch="False" />
              </lines>
            </method>
            <method name="get_HandlerTypes" signature="()" line-rate="1" branch-rate="1" complexity="1">
              <lines>
                <line number="335" hits="126" branch="False" />
              </lines>
            </method>
            <method name=".ctor" signature="()" line-rate="1" branch-rate="1" complexity="1">
              <lines>
                <line number="28" hits="59" branch="False" />
                <line number="29" hits="59" branch="False" />
                <line number="30" hits="59" branch="False" />
                <line number="31" hits="59" branch="False" />
              </lines>
            </method>
          </methods>
          <lines>
            <line number="48" hits="16" branch="False" />
            <line number="49" hits="16" branch="False" />
            <line number="56" hits="20" branch="True" condition-coverage="100% (2/2)">
              <conditions>
                <condition number="43" type="jump" coverage="100%" />
              </conditions>
            </line>
            <line number="57" hits="20" branch="False" />
            <line number="58" hits="40" branch="False" />
            <line number="59" hits="20" branch="False" />
            <line number="66" hits="12" branch="True" condition-coverage="100% (2/2)">
              <conditions>
                <condition number="43" type="jump" coverage="100%" />
              </conditions>
            </line>
            <line number="67" hits="12" branch="False" />
            <line number="68" hits="24" branch="False" />
            <line number="69" hits="12" branch="False" />
            <line number="76" hits="9" branch="True" condition-coverage="100% (2/2)">
              <conditions>
                <condition number="43" type="jump" coverage="100%" />
              </conditions>
            </line>
            <line number="77" hits="9" branch="False" />
            <line number="78" hits="18" branch="False" />
            <line number="79" hits="9" branch="False" />
            <line number="86" hits="21" branch="True" condition-coverage="100% (2/2)">
              <conditions>
                <condition number="32" type="jump" coverage="100%" />
              </conditions>
            </line>
            <line number="87" hits="21" branch="False" />
            <line number="88" hits="42" branch="False" />
            <line number="89" hits="21" branch="False" />
            <line number="97" hits="9" branch="False" />
            <line number="98" hits="9" branch="False" />
            <line number="106" hits="7" branch="False" />
            <line number="107" hits="7" branch="False" />
            <line number="115" hits="2" branch="False" />
            <line number="116" hits="2" branch="False" />
            <line number="122" hits="4" branch="False" />
            <line number="123" hits="4" branch="False" />
            <line number="134" hits="2" branch="False" />
            <line number="136" hits="6142" branch="True" condition-coverage="100% (2/2)">
              <conditions>
                <condition number="377" type="jump" coverage="100%" />
              </conditions>
            </line>
            <line number="138" hits="3069" branch="True" condition-coverage="75% (6/8)">
              <conditions>
                <condition number="30" type="jump" coverage="50%" />
                <condition number="41" type="jump" coverage="100%" />
                <condition number="52" type="jump" coverage="50%" />
                <condition number="63" type="jump" coverage="100%" />
              </conditions>
            </line>
            <line number="143" hits="10185" branch="True" condition-coverage="100% (2/2)">
              <conditions>
                <condition number="364" type="jump" coverage="100%" />
              </conditions>
            </line>
            <line number="145" hits="3019" branch="True" condition-coverage="100% (2/2)">
              <conditions>
                <condition number="96" type="jump" coverage="100%" />
              </conditions>
            </line>
            <line number="150" hits="787" branch="False" />
            <line number="151" hits="787" branch="False" />
            <line number="152" hits="787" branch="True" condition-coverage="100% (2/2)">
              <conditions>
                <condition number="136" type="jump" coverage="100%" />
              </conditions>
            </line>
            <line number="154" hits="9" branch="False" />
            <line number="156" hits="778" branch="True" condition-coverage="100% (2/2)">
              <conditions>
                <condition number="180" type="jump" coverage="100%" />
              </conditions>
            </line>
            <line number="158" hits="6" branch="False" />
            <line number="160" hits="772" branch="True" condition-coverage="100% (2/2)">
              <conditions>
                <condition number="224" type="jump" coverage="100%" />
              </conditions>
            </line>
            <line number="162" hits="3" branch="False" />
            <line number="164" hits="769" branch="True" condition-coverage="100% (2/2)">
              <conditions>
                <condition number="265" type="jump" coverage="100%" />
              </conditions>
            </line>
            <line number="166" hits="7" branch="False" />
            <line number="167" hits="7" branch="False" />
            <line number="168" hits="7" branch="False" />
            <line number="169" hits="7" branch="False" />
            <line number="170" hits="7" branch="False" />
            <line number="171" hits="7" branch="False" />
            <line number="182" hits="2" branch="False" />
            <line number="188" hits="18" branch="False" />
            <line number="189" hits="18" branch="False" />
            <line number="190" hits="18" branch="False" />
            <line number="191" hits="18" branch="False" />
            <line number="192" hits="18" branch="False" />
            <line number="193" hits="22" branch="False" />
            <line number="194" hits="18" branch="False" />
            <line number="198" hits="59" branch="False" />
            <line number="199" hits="59" branch="False" />
            <line number="200" hits="59" branch="False" />
            <line number="202" hits="204" branch="True" condition-coverage="100% (2/2)">
              <conditions>
                <condition number="443" type="jump" coverage="100%" />
              </conditions>
            </line>
            <line number="204" hits="45" branch="False" />
            <line number="205" hits="45" branch="False" />
            <line number="206" hits="45" branch="True" condition-coverage="60% (3/5)">
              <conditions>
                <condition number="120" type="switch" coverage="60%" />
              </conditions>
            </line>
            <line number="211" hits="23" branch="True" condition-coverage="100% (2/2)">
              <conditions>
                <condition number="153" type="jump" coverage="100%" />
              </conditions>
            </line>
            <line number="213" hits="2" branch="False" />
            <line number="214" hits="2" branch="False" />
            <line number="217" hits="21" branch="False" />
            <line number="218" hits="21" branch="False" />
            <line number="220" hits="12" branch="True" condition-coverage="100% (2/2)">
              <conditions>
                <condition number="232" type="jump" coverage="100%" />
              </conditions>
            </line>
            <line number="222" hits="1" branch="False" />
            <line number="223" hits="1" branch="False" />
            <line number="226" hits="11" branch="False" />
            <line number="227" hits="11" branch="False" />
            <line number="229" hits="10" branch="True" condition-coverage="100% (2/2)">
              <conditions>
                <condition number="311" type="jump" coverage="100%" />
              </conditions>
            </line>
            <line number="231" hits="1" branch="False" />
            <line number="232" hits="1" branch="False" />
            <line number="235" hits="9" branch="False" />
            <line number="236" hits="9" branch="False" />
            <line number="238" hits="0" branch="False" />
            <line number="242" hits="152" branch="True" condition-coverage="100% (2/2)">
              <conditions>
                <condition number="568" type="jump" coverage="100%" />
              </conditions>
            </line>
            <line number="244" hits="21" branch="True" condition-coverage="100% (2/2)">
              <conditions>
                <condition number="519" type="jump" coverage="100%" />
              </conditions>
            </line>
            <line number="246" hits="14" branch="False" />
            <line number="247" hits="14" branch="False" />
            <line number="250" hits="21" branch="False" />
            <line number="253" hits="138" branch="True" condition-coverage="100% (2/2)">
              <conditions>
                <condition number="653" type="jump" coverage="100%" />
              </conditions>
            </line>
            <line number="255" hits="14" branch="False" />
            <line number="258" hits="117" branch="True" condition-coverage="100% (2/2)">
              <conditions>
                <condition number="808" type="jump" coverage="100%" />
              </conditions>
            </line>
            <line number="260" hits="4" branch="True" condition-coverage="100% (4/4)">
              <conditions>
                <condition number="724" type="jump" coverage="100%" />
                <condition number="734" type="jump" coverage="100%" />
              </conditions>
            </line>
            <line number="262" hits="1" branch="False" />
            <line number="263" hits="1" branch="False" />
            <line number="266" hits="3" branch="False" />
            <line number="269" hits="54" branch="False" />
            <line number="270" hits="206" branch="True" condition-coverage="100% (2/2)">
              <conditions>
                <condition number="903" type="jump" coverage="100%" />
              </conditions>
            </line>
            <line number="272" hits="49" branch="False" />
            <line number="275" hits="54" branch="False" />
            <line number="281" hits="59" branch="True" condition-coverage="100% (2/2)">
              <conditions>
                <condition number="9" type="jump" coverage="100%" />
              </conditions>
            </line>
            <line number="283" hits="55" branch="False" />
            <line number="284" hits="55" branch="False" />
            <line number="287" hits="59" branch="False" />
            <line number="293" hits="51" branch="True" condition-coverage="50% (1/2)">
              <conditions>
                <condition number="92" type="jump" coverage="50%" />
              </conditions>
            </line>
            <line number="295" hits="17" branch="True" condition-coverage="50% (2/4)">
              <conditions>
                <condition number="21" type="jump" coverage="50%" />
                <condition number="35" type="jump" coverage="50%" />
              </conditions>
            </line>
            <line number="300" hits="17" branch="False" />
            <line number="301" hits="17" branch="True" condition-coverage="100% (2/2)">
              <conditions>
                <condition number="48" type="jump" coverage="100%" />
              </conditions>
            </line>
            <line number="303" hits="7" branch="False" />
            <line number="306" hits="10" branch="True" condition-coverage="50% (2/4)">
              <conditions>
                <condition number="69" type="jump" coverage="50%" />
                <condition number="80" type="jump" coverage="50%" />
              </conditions>
            </line>
            <line number="308" hits="10" branch="False" />
            <line number="312" hits="0" branch="False" />
            <line number="317" hits="45" branch="True" condition-coverage="100% (2/2)">
              <conditions>
                <condition number="23" type="jump" coverage="100%" />
              </conditions>
            </line>
            <line number="318" hits="45" branch="False" />
            <line number="319" hits="11" branch="True" condition-coverage="100% (2/2)">
              <conditions>
                <condition number="17" type="jump" coverage="100%" />
              </conditions>
            </line>
            <line number="320" hits="11" branch="False" />
            <line number="321" hits="55" branch="False" />
            <line number="326" hits="21" branch="False" />
            <line number="327" hits="7" branch="True" condition-coverage="50% (1/2)">
              <conditions>
                <condition number="21" type="jump" coverage="50%" />
              </conditions>
            </line>
            <line number="328" hits="7" branch="False" />
            <line number="329" hits="28" branch="False" />
            <line number="332" hits="77" branch="False" />
            <line number="335" hits="126" branch="False" />
            <line number="28" hits="59" branch="False" />
            <line number="29" hits="59" branch="False" />
            <line number="30" hits="59" branch="False" />
            <line number="31" hits="59" branch="False" />
          </lines>
        </class>
        <class name="Mediana.MedianaConfiguration/RequestRegistration" filename="Mediana/MedianaConfiguration.cs" line-rate="1" branch-rate="1" complexity="1">
          <methods>
            <method name="get_Kind" signature="()" line-rate="1" branch-rate="1" complexity="1">
              <lines>
                <line number="41" hits="275" branch="False" />
              </lines>
            </method>
          </methods>
          <lines>
            <line number="41" hits="275" branch="False" />
          </lines>
        </class>
        <class name="Mediana.MedianaConfiguration/EventRegistration" filename="Mediana/MedianaConfiguration.cs" line-rate="1" branch-rate="1" complexity="1">
          <methods>
            <method name="get_EventType" signature="()" line-rate="1" branch-rate="1" complexity="1">
              <lines>
                <line number="43" hits="90" branch="False" />
              </lines>
            </method>
          </methods>
          <lines>
            <line number="43" hits="90" branch="False" />
          </lines>
        </class>
        <class name="Mediana.MedianaDiagnostics" filename="Mediana/MedianaDiagnostics.cs" line-rate="1" branch-rate="0.75" complexity="9">
          <methods>
            <method name="StartDispatch" signature="(System.String)" line-rate="1" branch-rate="1" complexity="2">
              <lines>
                <line number="19" hits="2" branch="True" condition-coverage="100% (2/2)">
                  <conditions>
                    <condition number="10" type="jump" coverage="100%" />
                  </conditions>
                </line>
                <line number="20" hits="2" branch="False" />
                <line number="21" hits="2" branch="False" />
              </lines>
            </method>
            <method name="StartPublish" signature="(System.String)" line-rate="1" branch-rate="0.5" complexity="2">
              <lines>
                <line number="24" hits="1" branch="True" condition-coverage="50% (1/2)">
                  <conditions>
                    <condition number="10" type="jump" coverage="50%" />
                  </conditions>
                </line>
                <line number="25" hits="1" branch="False" />
                <line number="26" hits="1" branch="False" />
              </lines>
            </method>
            <method name="StartConsume" signature="(System.String)" line-rate="1" branch-rate="0.5" complexity="2">
              <lines>
                <line number="29" hits="1" branch="True" condition-coverage="50% (1/2)">
                  <conditions>
                    <condition number="10" type="jump" coverage="50%" />
                  </conditions>
                </line>
                <line number="30" hits="1" branch="False" />
                <line number="31" hits="1" branch="False" />
              </lines>
            </method>
            <method name="Enrich" signature="(System.Diagnostics.Activity,System.String,System.Object)" line-rate="1" branch-rate="1" complexity="2">
              <lines>
                <line number="36" hits="2" branch="True" condition-coverage="100% (2/2)">
                  <conditions>
                    <condition number="1" type="jump" coverage="100%" />
                  </conditions>
                </line>
                <line number="37" hits="2" branch="False" />
              </lines>
            </method>
            <method name=".cctor" signature="()" line-rate="1" branch-rate="1" complexity="1">
              <lines>
                <line number="15" hits="1" branch="False" />
                <line number="16" hits="1" branch="False" />
              </lines>
            </method>
          </methods>
          <lines>
            <line number="19" hits="2" branch="True" condition-coverage="100% (2/2)">
              <conditions>
                <condition number="10" type="jump" coverage="100%" />
              </conditions>
            </line>
            <line number="20" hits="2" branch="False" />
            <line number="21" hits="2" branch="False" />
            <line number="24" hits="1" branch="True" condition-coverage="50% (1/2)">
              <conditions>
                <condition number="10" type="jump" coverage="50%" />
              </conditions>
            </line>
            <line number="25" hits="1" branch="False" />
            <line number="26" hits="1" branch="False" />
            <line number="29" hits="1" branch="True" condition-coverage="50% (1/2)">
              <conditions>
                <condition number="10" type="jump" coverage="50%" />
              </conditions>
            </line>
            <line number="30" hits="1" branch="False" />
            <line number="31" hits="1" branch="False" />
            <line number="36" hits="2" branch="True" condition-coverage="100% (2/2)">
              <conditions>
                <condition number="1" type="jump" coverage="100%" />
              </conditions>
            </line>
            <line number="37" hits="2" branch="False" />
            <line number="15" hits="1" branch="False" />
            <line number="16" hits="1" branch="False" />
          </lines>
        </class>
        <class name="Mediana.Mediator" filename="Mediana/Mediator.cs" line-rate="0.9076000000000001" branch-rate="0.8332999999999999" complexity="50">
          <methods>
            <method name="get_Registry" signature="()" line-rate="1" branch-rate="1" complexity="1">
              <lines>
                <line number="27" hits="3" branch="False" />
              </lines>
            </method>
            <method name="WithRegistry" signature="(Mediana.Dispatch.MessageRegistry)" line-rate="1" branch-rate="1" complexity="1">
              <lines>
                <line number="34" hits="1" branch="False" />
              </lines>
            </method>
            <method name="Send" signature="(Mediana.Messaging.ICommand`1&lt;TResponse&gt;,System.Threading.CancellationToken)" line-rate="0.7272" branch-rate="0.7" complexity="10">
              <lines>
                <line number="38" hits="11821" branch="False" />
                <line number="39" hits="11820" branch="True" condition-coverage="100% (2/2)">
                  <conditions>
                    <condition number="29" type="jump" coverage="100%" />
                  </conditions>
                </line>
                <line number="41" hits="11817" branch="True" condition-coverage="100% (2/2)">
                  <conditions>
                    <condition number="49" type="jump" coverage="100%" />
                  </conditions>
                </line>
                <line number="44" hits="6107" branch="True" condition-coverage="50% (1/2)">
                  <conditions>
                    <condition number="64" type="jump" coverage="50%" />
                  </conditions>
                </line>
                <line number="46" hits="6107" branch="False" />
                <line number="49" hits="0" branch="False" />
                <line number="54" hits="5710" branch="True" condition-coverage="50% (1/2)">
                  <conditions>
                    <condition number="119" type="jump" coverage="50%" />
                  </conditions>
                </line>
                <line number="56" hits="0" branch="False" />
                <line number="59" hits="5710" branch="True" condition-coverage="50% (1/2)">
                  <conditions>
                    <condition number="151" type="jump" coverage="50%" />
                  </conditions>
                </line>
                <line number="61" hits="5710" branch="False" />
                <line number="64" hits="0" branch="False" />
              </lines>
            </method>
            <method name="UntypedCommandHop" signature="(Mediana.Dispatch.IUntypedCallSite,System.Object,System.IServiceProvider,System.Threading.CancellationToken)" line-rate="1" branch-rate="1" complexity="1">
              <lines>
                <line number="69" hits="5710" branch="False" />
              </lines>
            </method>
            <method name="Send" signature="(Mediana.Messaging.IQuery`1&lt;TResponse&gt;,System.Threading.CancellationToken)" line-rate="0.909" branch-rate="0.9" complexity="10">
              <lines>
                <line number="73" hits="13" branch="False" />
                <line number="74" hits="12" branch="True" condition-coverage="100% (2/2)">
                  <conditions>
                    <condition number="29" type="jump" coverage="100%" />
                  </conditions>
                </line>
                <line number="76" hits="9" branch="True" condition-coverage="100% (2/2)">
                  <conditions>
                    <condition number="49" type="jump" coverage="100%" />
                  </conditions>
                </line>
                <line number="78" hits="4" branch="True" condition-coverage="100% (2/2)">
                  <conditions>
                    <condition number="64" type="jump" coverage="100%" />
                  </conditions>
                </line>
                <line number="80" hits="3" branch="False" />
                <line number="83" hits="1" branch="False" />
                <line number="86" hits="5" branch="True" condition-coverage="100% (2/2)">
                  <conditions>
                    <condition number="119" type="jump" coverage="100%" />
                  </conditions>
                </line>
                <line number="88" hits="1" branch="False" />
                <line number="91" hits="4" branch="True" condition-coverage="50% (1/2)">
                  <conditions>
                    <condition number="151" type="jump" coverage="50%" />
                  </conditions>
                </line>
                <line number="93" hits="4" branch="False" />
                <line number="96" hits="0" branch="False" />
              </lines>
            </method>
            <method name="UntypedQueryHop" signature="(Mediana.Dispatch.IUntypedCallSite,System.Object,System.IServiceProvider,System.Threading.CancellationToken)" line-rate="1" branch-rate="1" complexity="1">
              <lines>
                <line number="101" hits="4" branch="False" />
              </lines>
            </method>
            <method name="Publish" signature="(TEvent,System.Threading.CancellationToken)" line-rate="0.9" branch-rate="0.8332999999999999" complexity="6">
              <lines>
                <line number="106" hits="6116" branch="False" />
                <line number="107" hits="6115" branch="False" />
                <line number="108" hits="6115" branch="True" condition-coverage="100% (2/2)">
                  <conditions>
                    <condition number="42" type="jump" coverage="100%" />
                  </conditions>
                </line>
                <line number="111" hits="1" branch="False" />
                <line number="114" hits="6114" branch="False" />
                <line number="115" hits="6114" branch="True" condition-coverage="50% (1/2)">
                  <conditions>
                    <condition number="68" type="jump" coverage="50%" />
                  </conditions>
                </line>
                <line number="117" hits="0" branch="False" />
                <line number="120" hits="6114" branch="True" condition-coverage="100% (2/2)">
                  <conditions>
                    <condition number="87" type="jump" coverage="100%" />
                  </conditions>
                </line>
                <line number="121" hits="6114" branch="False" />
                <line number="122" hits="6114" branch="False" />
              </lines>
            </method>
            <method name="Stream" signature="(Mediana.Messaging.IStreamQuery`1&lt;TRow&gt;,System.Threading.CancellationToken)" line-rate="1" branch-rate="0.75" complexity="4">
              <lines>
                <line number="127" hits="117" branch="False" />
                <line number="128" hits="116" branch="True" condition-coverage="50% (1/2)">
                  <conditions>
                    <condition number="29" type="jump" coverage="50%" />
                  </conditions>
                </line>
                <line number="129" hits="116" branch="True" condition-coverage="100% (2/2)">
                  <conditions>
                    <condition number="57" type="jump" coverage="100%" />
                  </conditions>
                </line>
                <line number="131" hits="115" branch="False" />
                <line number="134" hits="1" branch="False" />
              </lines>
            </method>
            <method name="SendExact" signature="(TRequest,System.Threading.CancellationToken)" line-rate="0.875" branch-rate="0.9" complexity="10">
              <lines>
                <line number="141" hits="1104" branch="True" condition-coverage="100% (4/4)">
                  <conditions>
                    <condition number="5" type="jump" coverage="100%" />
                    <condition number="13" type="jump" coverage="100%" />
                  </conditions>
                </line>
                <line number="143" hits="1" branch="False" />
                <line number="146" hits="1103" branch="True" condition-coverage="100% (2/2)">
                  <conditions>
                    <condition number="47" type="jump" coverage="100%" />
                  </conditions>
                </line>
                <line number="148" hits="1102" branch="True" condition-coverage="100% (2/2)">
                  <conditions>
                    <condition number="79" type="jump" coverage="100%" />
                  </conditions>
                </line>
                <line number="150" hits="1101" branch="False" />
                <line number="153" hits="1" branch="True" condition-coverage="50% (1/2)">
                  <conditions>
                    <condition number="109" type="jump" coverage="50%" />
                  </conditions>
                </line>
                <line number="155" hits="1" branch="False" />
                <line number="158" hits="0" branch="False" />
              </lines>
            </method>
            <method name="ThrowNoHandler" signature="(System.Type)" line-rate="1" branch-rate="1" complexity="1">
              <lines>
                <line number="216" hits="7" branch="False" />
                <line number="217" hits="7" branch="False" />
                <line number="218" hits="7" branch="False" />
                <line number="219" hits="7" branch="False" />
              </lines>
            </method>
            <method name="ThrowResponseTypeMismatch" signature="(Mediana.Dispatch.MessageEntry,System.Type)" line-rate="1" branch-rate="1" complexity="1">
              <lines>
                <line number="223" hits="2" branch="False" />
                <line number="224" hits="2" branch="False" />
                <line number="225" hits="2" branch="False" />
              </lines>
            </method>
            <method name="ThrowStreamMismatch" signature="(Mediana.Dispatch.MessageEntry)" line-rate="1" branch-rate="1" complexity="1">
              <lines>
                <line number="229" hits="1" branch="False" />
                <line number="230" hits="1" branch="False" />
              </lines>
            </method>
            <method name="CastBack" signature="(System.Threading.Tasks.ValueTask`1&lt;System.Object&gt;)" line-rate="1" branch-rate="1" complexity="2">
              <lines>
                <line number="234" hits="5714" branch="True" condition-coverage="100% (2/2)">
                  <conditions>
                    <condition number="7" type="jump" coverage="100%" />
                  </conditions>
                </line>
                <line number="236" hits="5087" branch="False" />
                <line number="239" hits="627" branch="False" />
              </lines>
            </method>
            <method name=".ctor" signature="(Mediana.Dispatch.MessageRegistry,System.IServiceProvider)" line-rate="1" branch-rate="1" complexity="1">
              <lines>
                <line number="20" hits="56" branch="False" />
                <line number="22" hits="56" branch="False" />
                <line number="23" hits="56" branch="False" />
                <line number="24" hits="56" branch="False" />
              </lines>
            </method>
          </methods>
          <lines>
            <line number="27" hits="3" branch="False" />
            <line number="34" hits="1" branch="False" />
            <line number="38" hits="11821" branch="False" />
            <line number="39" hits="11820" branch="True" condition-coverage="100% (2/2)">
              <conditions>
                <condition number="29" type="jump" coverage="100%" />
              </conditions>
            </line>
            <line number="41" hits="11817" branch="True" condition-coverage="100% (2/2)">
              <conditions>
                <condition number="49" type="jump" coverage="100%" />
              </conditions>
            </line>
            <line number="44" hits="6107" branch="True" condition-coverage="50% (1/2)">
              <conditions>
                <condition number="64" type="jump" coverage="50%" />
              </conditions>
            </line>
            <line number="46" hits="6107" branch="False" />
            <line number="49" hits="0" branch="False" />
            <line number="54" hits="5710" branch="True" condition-coverage="50% (1/2)">
              <conditions>
                <condition number="119" type="jump" coverage="50%" />
              </conditions>
            </line>
            <line number="56" hits="0" branch="False" />
            <line number="59" hits="5710" branch="True" condition-coverage="50% (1/2)">
              <conditions>
                <condition number="151" type="jump" coverage="50%" />
              </conditions>
            </line>
            <line number="61" hits="5710" branch="False" />
            <line number="64" hits="0" branch="False" />
            <line number="69" hits="5710" branch="False" />
            <line number="73" hits="13" branch="False" />
            <line number="74" hits="12" branch="True" condition-coverage="100% (2/2)">
              <conditions>
                <condition number="29" type="jump" coverage="100%" />
              </conditions>
            </line>
            <line number="76" hits="9" branch="True" condition-coverage="100% (2/2)">
              <conditions>
                <condition number="49" type="jump" coverage="100%" />
              </conditions>
            </line>
            <line number="78" hits="4" branch="True" condition-coverage="100% (2/2)">
              <conditions>
                <condition number="64" type="jump" coverage="100%" />
              </conditions>
            </line>
            <line number="80" hits="3" branch="False" />
            <line number="83" hits="1" branch="False" />
            <line number="86" hits="5" branch="True" condition-coverage="100% (2/2)">
              <conditions>
                <condition number="119" type="jump" coverage="100%" />
              </conditions>
            </line>
            <line number="88" hits="1" branch="False" />
            <line number="91" hits="4" branch="True" condition-coverage="50% (1/2)">
              <conditions>
                <condition number="151" type="jump" coverage="50%" />
              </conditions>
            </line>
            <line number="93" hits="4" branch="False" />
            <line number="96" hits="0" branch="False" />
            <line number="101" hits="4" branch="False" />
            <line number="106" hits="6116" branch="False" />
            <line number="107" hits="6115" branch="False" />
            <line number="108" hits="6115" branch="True" condition-coverage="100% (2/2)">
              <conditions>
                <condition number="42" type="jump" coverage="100%" />
              </conditions>
            </line>
            <line number="111" hits="1" branch="False" />
            <line number="114" hits="6114" branch="False" />
            <line number="115" hits="6114" branch="True" condition-coverage="50% (1/2)">
              <conditions>
                <condition number="68" type="jump" coverage="50%" />
              </conditions>
            </line>
            <line number="117" hits="0" branch="False" />
            <line number="120" hits="6114" branch="True" condition-coverage="100% (2/2)">
              <conditions>
                <condition number="87" type="jump" coverage="100%" />
              </conditions>
            </line>
            <line number="121" hits="6114" branch="False" />
            <line number="122" hits="6114" branch="False" />
            <line number="127" hits="117" branch="False" />
            <line number="128" hits="116" branch="True" condition-coverage="50% (1/2)">
              <conditions>
                <condition number="29" type="jump" coverage="50%" />
              </conditions>
            </line>
            <line number="129" hits="116" branch="True" condition-coverage="100% (2/2)">
              <conditions>
                <condition number="57" type="jump" coverage="100%" />
              </conditions>
            </line>
            <line number="131" hits="115" branch="False" />
            <line number="134" hits="1" branch="False" />
            <line number="141" hits="1104" branch="True" condition-coverage="100% (4/4)">
              <conditions>
                <condition number="5" type="jump" coverage="100%" />
                <condition number="13" type="jump" coverage="100%" />
              </conditions>
            </line>
            <line number="143" hits="1" branch="False" />
            <line number="146" hits="1103" branch="True" condition-coverage="100% (2/2)">
              <conditions>
                <condition number="47" type="jump" coverage="100%" />
              </conditions>
            </line>
            <line number="148" hits="1102" branch="True" condition-coverage="100% (2/2)">
              <conditions>
                <condition number="79" type="jump" coverage="100%" />
              </conditions>
            </line>
            <line number="150" hits="1101" branch="False" />
            <line number="153" hits="1" branch="True" condition-coverage="50% (1/2)">
              <conditions>
                <condition number="109" type="jump" coverage="50%" />
              </conditions>
            </line>
            <line number="155" hits="1" branch="False" />
            <line number="158" hits="0" branch="False" />
            <line number="216" hits="7" branch="False" />
            <line number="217" hits="7" branch="False" />
            <line number="218" hits="7" branch="False" />
            <line number="219" hits="7" branch="False" />
            <line number="223" hits="2" branch="False" />
            <line number="224" hits="2" branch="False" />
            <line number="225" hits="2" branch="False" />
            <line number="229" hits="1" branch="False" />
            <line number="230" hits="1" branch="False" />
            <line number="234" hits="5714" branch="True" condition-coverage="100% (2/2)">
              <conditions>
                <condition number="7" type="jump" coverage="100%" />
              </conditions>
            </line>
            <line number="236" hits="5087" branch="False" />
            <line number="239" hits="627" branch="False" />
            <line number="20" hits="56" branch="False" />
            <line number="22" hits="56" branch="False" />
            <line number="23" hits="56" branch="False" />
            <line number="24" hits="56" branch="False" />
          </lines>
        </class>
        <class name="Mediana.Mediator/ReferenceTypeFlag`1" filename="Mediana/Mediator.cs" line-rate="1" branch-rate="1" complexity="1">
          <methods>
            <method name=".cctor" signature="()" line-rate="1" branch-rate="1" complexity="1">
              <lines>
                <line number="248" hits="3" branch="False" />
              </lines>
            </method>
          </methods>
          <lines>
            <line number="248" hits="3" branch="False" />
          </lines>
        </class>
        <class name="Mediana.Mediator/ValueTypeResponse`1" filename="Mediana/Mediator.cs" line-rate="1" branch-rate="1" complexity="1">
          <methods>
            <method name=".cctor" signature="()" line-rate="1" branch-rate="1" complexity="1">
              <lines>
                <line number="254" hits="7" branch="False" />
              </lines>
            </method>
          </methods>
          <lines>
            <line number="254" hits="7" branch="False" />
          </lines>
        </class>
        <class name="Mediana.Mediator/&lt;AwaitCastBack&gt;d__19`1" filename="Mediana/Mediator.cs" line-rate="1" branch-rate="1" complexity="1">
          <methods>
            <method name="MoveNext" signature="()" line-rate="1" branch-rate="1" complexity="1">
              <lines>
                <line number="243" hits="627" branch="False" />
              </lines>
            </method>
          </methods>
          <lines>
            <line number="243" hits="627" branch="False" />
          </lines>
        </class>
        <class name="Mediana.Mediator/&lt;PublishParallel&gt;d__14" filename="Mediana/Mediator.cs" line-rate="1" branch-rate="1" complexity="10">
          <methods>
            <method name="MoveNext" signature="()" line-rate="1" branch-rate="1" complexity="10">
              <lines>
                <line number="179" hits="3" branch="False" />
                <line number="180" hits="3" branch="False" />
                <line number="181" hits="18" branch="True" condition-coverage="100% (2/2)">
                  <conditions>
                    <condition number="135" type="jump" coverage="100%" />
                  </conditions>
                </line>
                <line number="185" hits="6" branch="False" />
                <line number="186" hits="5" branch="False" />
                <line number="187" hits="1" branch="False" />
                <line number="190" hits="1" branch="True" condition-coverage="100% (2/2)">
                  <conditions>
                    <condition number="97" type="jump" coverage="100%" />
                  </conditions>
                </line>
                <line number="191" hits="1" branch="False" />
                <line number="196" hits="18" branch="True" condition-coverage="100% (2/2)">
                  <conditions>
                    <condition number="337" type="jump" coverage="100%" />
                  </conditions>
                </line>
                <line number="200" hits="6" branch="False" />
                <line number="201" hits="5" branch="False" />
                <line number="202" hits="1" branch="False" />
                <line number="204" hits="1" branch="True" condition-coverage="100% (2/2)">
                  <conditions>
                    <condition number="279" type="jump" coverage="100%" />
                  </conditions>
                </line>
                <line number="205" hits="1" branch="False" />
                <line number="208" hits="3" branch="True" condition-coverage="100% (2/2)">
                  <conditions>
                    <condition number="348" type="jump" coverage="100%" />
                  </conditions>
                </line>
                <line number="210" hits="2" branch="False" />
                <line number="212" hits="1" branch="False" />
              </lines>
            </method>
          </methods>
          <lines>
            <line number="179" hits="3" branch="False" />
            <line number="180" hits="3" branch="False" />
            <line number="181" hits="18" branch="True" condition-coverage="100% (2/2)">
              <conditions>
                <condition number="135" type="jump" coverage="100%" />
              </conditions>
            </line>
            <line number="185" hits="6" branch="False" />
            <line number="186" hits="5" branch="False" />
            <line number="187" hits="1" branch="False" />
            <line number="190" hits="1" branch="True" condition-coverage="100% (2/2)">
              <conditions>
                <condition number="97" type="jump" coverage="100%" />
              </conditions>
            </line>
            <line number="191" hits="1" branch="False" />
            <line number="196" hits="18" branch="True" condition-coverage="100% (2/2)">
              <conditions>
                <condition number="337" type="jump" coverage="100%" />
              </conditions>
            </line>
            <line number="200" hits="6" branch="False" />
            <line number="201" hits="5" branch="False" />
            <line number="202" hits="1" branch="False" />
            <line number="204" hits="1" branch="True" condition-coverage="100% (2/2)">
              <conditions>
                <condition number="279" type="jump" coverage="100%" />
              </conditions>
            </line>
            <line number="205" hits="1" branch="False" />
            <line number="208" hits="3" branch="True" condition-coverage="100% (2/2)">
              <conditions>
                <condition number="348" type="jump" coverage="100%" />
              </conditions>
            </line>
            <line number="210" hits="2" branch="False" />
            <line number="212" hits="1" branch="False" />
          </lines>
        </class>
        <class name="Mediana.Mediator/&lt;PublishSequential&gt;d__13" filename="Mediana/Mediator.cs" line-rate="1" branch-rate="1" complexity="2">
          <methods>
            <method name="MoveNext" signature="()" line-rate="1" branch-rate="1" complexity="2">
              <lines>
                <line number="167" hits="36640" branch="True" condition-coverage="100% (2/2)">
                  <conditions>
                    <condition number="184" type="jump" coverage="100%" />
                  </conditions>
                </line>
                <line number="169" hits="12213" branch="False" />
                <line number="171" hits="6107" branch="False" />
              </lines>
            </method>
          </methods>
          <lines>
            <line number="167" hits="36640" branch="True" condition-coverage="100% (2/2)">
              <conditions>
                <condition number="184" type="jump" coverage="100%" />
              </conditions>
            </line>
            <line number="169" hits="12213" branch="False" />
            <line number="171" hits="6107" branch="False" />
          </lines>
        </class>
        <class name="Mediana.MedianaServiceCollectionExtensions" filename="Mediana/ServiceCollectionExtensions.cs" line-rate="1" branch-rate="1" complexity="4">
          <methods>
            <method name="AddMediana" signature="(Microsoft.Extensions.DependencyInjection.IServiceCollection,System.Action`1&lt;Mediana.MedianaConfiguration&gt;)" line-rate="1" branch-rate="1" complexity="4">
              <lines>
                <line number="19" hits="49" branch="False" />
                <line number="20" hits="49" branch="False" />
                <line number="22" hits="49" branch="False" />
                <line number="23" hits="49" branch="False" />
                <line number="26" hits="252" branch="True" condition-coverage="100% (2/2)">
                  <conditions>
                    <condition number="94" type="jump" coverage="100%" />
                  </conditions>
                </line>
                <line number="28" hits="77" branch="True" condition-coverage="100% (2/2)">
                  <conditions>
                    <condition number="68" type="jump" coverage="100%" />
                  </conditions>
                </line>
                <line number="30" hits="14" branch="False" />
                <line number="34" hits="63" branch="False" />
                <line number="38" hits="49" branch="False" />
                <line number="41" hits="89" branch="False" />
                <line number="42" hits="44" branch="False" />
                <line number="43" hits="44" branch="False" />
              </lines>
            </method>
          </methods>
          <lines>
            <line number="19" hits="49" branch="False" />
            <line number="20" hits="49" branch="False" />
            <line number="22" hits="49" branch="False" />
            <line number="23" hits="49" branch="False" />
            <line number="26" hits="252" branch="True" condition-coverage="100% (2/2)">
              <conditions>
                <condition number="94" type="jump" coverage="100%" />
              </conditions>
            </line>
            <line number="28" hits="77" branch="True" condition-coverage="100% (2/2)">
              <conditions>
                <condition number="68" type="jump" coverage="100%" />
              </conditions>
            </line>
            <line number="30" hits="14" branch="False" />
            <line number="34" hits="63" branch="False" />
            <line number="38" hits="49" branch="False" />
            <line number="41" hits="89" branch="False" />
            <line number="42" hits="44" branch="False" />
            <line number="43" hits="44" branch="False" />
          </lines>
        </class>
        <class name="Mediana.Internal.Guard" filename="Mediana/Internal/Compat.cs" line-rate="1" branch-rate="1" complexity="3">
          <methods>
            <method name="ThrowNull" signature="(System.String)" line-rate="1" branch-rate="1" complexity="1">
              <lines>
                <line number="10" hits="5" branch="False" />
              </lines>
            </method>
            <method name="NotNull" signature="(System.Object,System.String)" line-rate="1" branch-rate="1" complexity="2">
              <lines>
                <line number="14" hits="18167" branch="True" condition-coverage="100% (2/2)">
                  <conditions>
                    <condition number="1" type="jump" coverage="100%" />
                  </conditions>
                </line>
                <line number="16" hits="4" branch="False" />
                <line number="18" hits="18163" branch="False" />
              </lines>
            </method>
          </methods>
          <lines>
            <line number="10" hits="5" branch="False" />
            <line number="14" hits="18167" branch="True" condition-coverage="100% (2/2)">
              <conditions>
                <condition number="1" type="jump" coverage="100%" />
              </conditions>
            </line>
            <line number="16" hits="4" branch="False" />
            <line number="18" hits="18163" branch="False" />
          </lines>
        </class>
        <class name="Mediana.Dispatch.ChainState`2" filename="Mediana/Dispatch/ChainState.cs" line-rate="1" branch-rate="0.9166" complexity="15">
          <methods>
            <method name="Configure" signature="(Mediana.Pipeline.IPipelineBehavior`2&lt;TRequest,TResponse&gt;[],Mediana.Pipeline.RequestHandlerDelegate`2&lt;TRequest,TResponse&gt;)" line-rate="1" branch-rate="1" complexity="1">
              <lines>
                <line number="32" hits="14" branch="False" />
                <line number="33" hits="14" branch="False" />
                <line number="34" hits="14" branch="False" />
                <line number="35" hits="14" branch="False" />
              </lines>
            </method>
            <method name="Next" signature="(TRequest,System.Threading.CancellationToken)" line-rate="1" branch-rate="1" complexity="4">
              <lines>
                <line number="39" hits="18" branch="False" />
                <line number="40" hits="18" branch="False" />
                <line number="41" hits="18" branch="True" condition-coverage="100% (2/2)">
                  <conditions>
                    <condition number="18" type="jump" coverage="100%" />
                  </conditions>
                </line>
                <line number="43" hits="4" branch="False" />
                <line number="44" hits="4" branch="False" />
                <line number="47" hits="14" branch="True" condition-coverage="100% (2/2)">
                  <conditions>
                    <condition number="50" type="jump" coverage="100%" />
                  </conditions>
                </line>
                <line number="51" hits="13" branch="False" />
                <line number="52" hits="13" branch="False" />
                <line number="55" hits="1" branch="False" />
                <line number="56" hits="1" branch="False" />
                <line number="57" hits="1" branch="False" />
              </lines>
            </method>
            <method name="Return" signature="()" line-rate="1" branch-rate="1" complexity="1">
              <lines>
                <line number="62" hits="12" branch="False" />
                <line number="63" hits="12" branch="False" />
                <line number="64" hits="12" branch="False" />
                <line number="65" hits="12" branch="False" />
              </lines>
            </method>
            <method name="Take" signature="(System.IServiceProvider,System.Type[],Mediana.Pipeline.RequestHandlerDelegate`2&lt;TRequest,TResponse&gt;)" line-rate="1" branch-rate="0.875" complexity="8">
              <lines>
                <line number="73" hits="14" branch="False" />
                <line number="74" hits="14" branch="True" condition-coverage="100% (2/2)">
                  <conditions>
                    <condition number="7" type="jump" coverage="100%" />
                  </conditions>
                </line>
                <line number="76" hits="5" branch="False" />
                <line number="80" hits="9" branch="False" />
                <line number="84" hits="14" branch="True" condition-coverage="100% (2/2)">
                  <conditions>
                    <condition number="25" type="jump" coverage="100%" />
                  </conditions>
                </line>
                <line number="86" hits="11" branch="False" />
                <line number="90" hits="3" branch="False" />
                <line number="91" hits="14" branch="True" condition-coverage="100% (2/2)">
                  <conditions>
                    <condition number="134" type="jump" coverage="100%" />
                  </conditions>
                </line>
                <line number="93" hits="4" branch="True" condition-coverage="50% (1/2)">
                  <conditions>
                    <condition number="60" type="jump" coverage="50%" />
                  </conditions>
                </line>
                <line number="94" hits="4" branch="False" />
                <line number="95" hits="4" branch="False" />
                <line number="99" hits="14" branch="False" />
                <line number="100" hits="14" branch="False" />
              </lines>
            </method>
            <method name=".ctor" signature="()" line-rate="1" branch-rate="1" complexity="1">
              <lines>
                <line number="16" hits="9" branch="False" />
                <line number="24" hits="9" branch="False" />
                <line number="27" hits="9" branch="False" />
                <line number="28" hits="9" branch="False" />
              </lines>
            </method>
          </methods>
          <lines>
            <line number="32" hits="14" branch="False" />
            <line number="33" hits="14" branch="False" />
            <line number="34" hits="14" branch="False" />
            <line number="35" hits="14" branch="False" />
            <line number="39" hits="18" branch="False" />
            <line number="40" hits="18" branch="False" />
            <line number="41" hits="18" branch="True" condition-coverage="100% (2/2)">
              <conditions>
                <condition number="18" type="jump" coverage="100%" />
              </conditions>
            </line>
            <line number="43" hits="4" branch="False" />
            <line number="44" hits="4" branch="False" />
            <line number="47" hits="14" branch="True" condition-coverage="100% (2/2)">
              <conditions>
                <condition number="50" type="jump" coverage="100%" />
              </conditions>
            </line>
            <line number="51" hits="13" branch="False" />
            <line number="52" hits="13" branch="False" />
            <line number="55" hits="1" branch="False" />
            <line number="56" hits="1" branch="False" />
            <line number="57" hits="1" branch="False" />
            <line number="62" hits="12" branch="False" />
            <line number="63" hits="12" branch="False" />
            <line number="64" hits="12" branch="False" />
            <line number="65" hits="12" branch="False" />
            <line number="73" hits="14" branch="False" />
            <line number="74" hits="14" branch="True" condition-coverage="100% (2/2)">
              <conditions>
                <condition number="7" type="jump" coverage="100%" />
              </conditions>
            </line>
            <line number="76" hits="5" branch="False" />
            <line number="80" hits="9" branch="False" />
            <line number="84" hits="14" branch="True" condition-coverage="100% (2/2)">
              <conditions>
                <condition number="25" type="jump" coverage="100%" />
              </conditions>
            </line>
            <line number="86" hits="11" branch="False" />
            <line number="90" hits="3" branch="False" />
            <line number="91" hits="14" branch="True" condition-coverage="100% (2/2)">
              <conditions>
                <condition number="134" type="jump" coverage="100%" />
              </conditions>
            </line>
            <line number="93" hits="4" branch="True" condition-coverage="50% (1/2)">
              <conditions>
                <condition number="60" type="jump" coverage="50%" />
              </conditions>
            </line>
            <line number="94" hits="4" branch="False" />
            <line number="95" hits="4" branch="False" />
            <line number="99" hits="14" branch="False" />
            <line number="100" hits="14" branch="False" />
            <line number="16" hits="9" branch="False" />
            <line number="24" hits="9" branch="False" />
            <line number="27" hits="9" branch="False" />
            <line number="28" hits="9" branch="False" />
          </lines>
        </class>
        <class name="Mediana.Dispatch.EventCallSite`2" filename="Mediana/Dispatch/EventCallSite.cs" line-rate="0.9636" branch-rate="0.8214" complexity="29">
          <methods>
            <method name="Invoke" signature="(System.Object,System.IServiceProvider,System.Threading.CancellationToken)" line-rate="1" branch-rate="1" complexity="2">
              <lines>
                <line number="32" hits="17220" branch="False" />
                <line number="33" hits="17220" branch="True" condition-coverage="100% (2/2)">
                  <conditions>
                    <condition number="8" type="jump" coverage="100%" />
                  </conditions>
                </line>
                <line number="35" hits="17200" branch="False" />
                <line number="38" hits="20" branch="False" />
              </lines>
            </method>
            <method name="SlowInvoke" signature="(System.Object,System.IServiceProvider,System.Threading.CancellationToken)" line-rate="1" branch-rate="1" complexity="6">
              <lines>
                <line number="43" hits="20" branch="False" />
                <line number="45" hits="20" branch="True" condition-coverage="100% (2/2)">
                  <conditions>
                    <condition number="19" type="jump" coverage="100%" />
                  </conditions>
                </line>
                <line number="47" hits="5" branch="False" />
                <line number="49" hits="5" branch="True" condition-coverage="100% (2/2)">
                  <conditions>
                    <condition number="47" type="jump" coverage="100%" />
                  </conditions>
                </line>
                <line number="51" hits="5" branch="False" />
                <line number="53" hits="5" branch="False" />
                <line number="55" hits="5" branch="False" />
[...]
                <line number="275" hits="0" branch="False" />
                <line number="276" hits="0" branch="True" condition-coverage="0% (0/2)">
                  <conditions>
                    <condition number="39" type="jump" coverage="0%" />
                  </conditions>
                </line>
                <line number="278" hits="0" branch="False" />
                <line number="281" hits="0" branch="False" />
              </lines>
            </method>
            <method name="CastBoxed" signature="(System.Threading.Tasks.ValueTask`1&lt;System.Object&gt;)" line-rate="0" branch-rate="0" complexity="2">
              <lines>
                <line number="289" hits="0" branch="True" condition-coverage="0% (0/2)">
                  <conditions>
                    <condition number="7" type="jump" coverage="0%" />
                  </conditions>
                </line>
                <line number="291" hits="0" branch="False" />
                <line number="294" hits="0" branch="False" />
              </lines>
            </method>
            <method name="Slow" signature="(TQuery,System.IServiceProvider,System.Threading.CancellationToken)" line-rate="1" branch-rate="1" complexity="8">
              <lines>
                <line number="302" hits="7" branch="True" condition-coverage="100% (2/2)">
                  <conditions>
                    <condition number="12" type="jump" coverage="100%" />
                  </conditions>
                </line>
                <line number="304" hits="2" branch="False" />
                <line number="306" hits="2" branch="True" condition-coverage="100% (2/2)">
                  <conditions>
                    <condition number="35" type="jump" coverage="100%" />
                  </conditions>
                </line>
                <line number="308" hits="2" branch="False" />
                <line number="309" hits="2" branch="True" condition-coverage="100% (2/2)">
                  <conditions>
                    <condition number="56" type="jump" coverage="100%" />
                  </conditions>
                </line>
                <line number="311" hits="1" branch="False" />
                <line number="312" hits="1" branch="False" />
                <line number="315" hits="2" branch="False" />
                <line number="317" hits="2" branch="False" />
                <line number="320" hits="5" branch="False" />
                <line number="321" hits="9" branch="False" />
                <line number="322" hits="5" branch="False" />
                <line number="323" hits="5" branch="False" />
                <line number="324" hits="3" branch="True" condition-coverage="100% (2/2)">
                  <conditions>
                    <condition number="185" type="jump" coverage="100%" />
                  </conditions>
                </line>
                <line number="326" hits="2" branch="False" />
                <line number="327" hits="2" branch="False" />
                <line number="330" hits="1" branch="False" />
              </lines>
            </method>
            <method name="Compose" signature="(System.IServiceProvider)" line-rate="1" branch-rate="0.5" complexity="2">
              <lines>
                <line number="334" hits="2" branch="True" condition-coverage="50% (1/2)">
                  <conditions>
                    <condition number="13" type="jump" coverage="50%" />
                  </conditions>
                </line>
                <line number="335" hits="2" branch="False" />
                <line number="336" hits="2" branch="False" />
                <line number="337" hits="2" branch="False" />
                <line number="338" hits="2" branch="False" />
                <line number="339" hits="2" branch="False" />
                <line number="340" hits="5" branch="False" />
                <line number="341" hits="2" branch="False" />
              </lines>
            </method>
            <method name="Resolve" signature="(System.IServiceProvider)" line-rate="1" branch-rate="0.25" complexity="4">
              <lines>
                <line number="344" hits="7" branch="True" condition-coverage="25% (1/4)">
                  <conditions>
                    <condition number="17" type="jump" coverage="50%" />
                    <condition number="36" type="jump" coverage="0%" />
                  </conditions>
                </line>
                <line number="345" hits="7" branch="False" />
                <line number="346" hits="7" branch="False" />
              </lines>
            </method>
            <method name="Upcast" signature="(System.Threading.Tasks.ValueTask`1&lt;TResponse&gt;)" line-rate="0" branch-rate="0" complexity="2">
              <lines>
                <line number="350" hits="0" branch="True" condition-coverage="0% (0/2)">
                  <conditions>
                    <condition number="7" type="jump" coverage="0%" />
                  </conditions>
                </line>
                <line number="352" hits="0" branch="False" />
                <line number="355" hits="0" branch="False" />
              </lines>
            </method>
            <method name=".ctor" signature="(System.Type[],System.Boolean)" line-rate="1" branch-rate="1" complexity="2">
              <lines>
                <line number="226" hits="12" branch="False" />
                <line number="228" hits="12" branch="False" />
                <line number="229" hits="12" branch="False" />
                <line number="230" hits="12" branch="True" condition-coverage="100% (2/2)">
                  <conditions>
                    <condition number="27" type="jump" coverage="100%" />
                  </conditions>
                </line>
                <line number="232" hits="2" branch="False" />
                <line number="234" hits="12" branch="False" />
              </lines>
            </method>
            <method name=".cctor" signature="()" line-rate="1" branch-rate="1" complexity="1">
              <lines>
                <line number="219" hits="5" branch="False" />
              </lines>
            </method>
          </methods>
          <lines>
            <line number="238" hits="7" branch="True" condition-coverage="100% (2/2)">
              <conditions>
                <condition number="6" type="jump" coverage="100%" />
              </conditions>
            </line>
            <line number="240" hits="1" branch="False" />
            <line number="241" hits="1" branch="True" condition-coverage="50% (1/2)">
              <conditions>
                <condition number="21" type="jump" coverage="50%" />
              </conditions>
            </line>
            <line number="243" hits="0" branch="False" />
            <line number="244" hits="0" branch="False" />
            <line number="248" hits="7" branch="False" />
            <line number="249" hits="7" branch="True" condition-coverage="50% (1/2)">
              <conditions>
                <condition number="45" type="jump" coverage="50%" />
              </conditions>
            </line>
            <line number="251" hits="0" branch="False" />
            <line number="254" hits="7" branch="False" />
            <line number="259" hits="1" branch="False" />
            <line number="260" hits="1" branch="True" condition-coverage="50% (1/2)">
              <conditions>
                <condition number="8" type="jump" coverage="50%" />
              </conditions>
            </line>
            <line number="262" hits="1" branch="False" />
            <line number="265" hits="0" branch="False" />
            <line number="270" hits="4" branch="True" condition-coverage="75% (3/4)">
              <conditions>
                <condition number="6" type="jump" coverage="100%" />
                <condition number="14" type="jump" coverage="50%" />
              </conditions>
            </line>
            <line number="272" hits="4" branch="False" />
            <line number="275" hits="0" branch="False" />
            <line number="276" hits="0" branch="True" condition-coverage="0% (0/2)">
              <conditions>
                <condition number="39" type="jump" coverage="0%" />
              </conditions>
            </line>
            <line number="278" hits="0" branch="False" />
            <line number="281" hits="0" branch="False" />
            <line number="289" hits="0" branch="True" condition-coverage="0% (0/2)">
              <conditions>
                <condition number="7" type="jump" coverage="0%" />
              </conditions>
            </line>
            <line number="291" hits="0" branch="False" />
            <line number="294" hits="0" branch="False" />
            <line number="302" hits="7" branch="True" condition-coverage="100% (2/2)">
              <conditions>
                <condition number="12" type="jump" coverage="100%" />
              </conditions>
            </line>
            <line number="304" hits="2" branch="False" />
            <line number="306" hits="2" branch="True" condition-coverage="100% (2/2)">
              <conditions>
                <condition number="35" type="jump" coverage="100%" />
              </conditions>
            </line>
            <line number="308" hits="2" branch="False" />
            <line number="309" hits="2" branch="True" condition-coverage="100% (2/2)">
              <conditions>
                <condition number="56" type="jump" coverage="100%" />
              </conditions>
            </line>
            <line number="311" hits="1" branch="False" />
            <line number="312" hits="1" branch="False" />
            <line number="315" hits="2" branch="False" />
            <line number="317" hits="2" branch="False" />
            <line number="320" hits="5" branch="False" />
            <line number="321" hits="9" branch="False" />
            <line number="322" hits="5" branch="False" />
            <line number="323" hits="5" branch="False" />
            <line number="324" hits="3" branch="True" condition-coverage="100% (2/2)">
              <conditions>
                <condition number="185" type="jump" coverage="100%" />
              </conditions>
            </line>
            <line number="326" hits="2" branch="False" />
            <line number="327" hits="2" branch="False" />
            <line number="330" hits="1" branch="False" />
            <line number="334" hits="2" branch="True" condition-coverage="50% (1/2)">
              <conditions>
                <condition number="13" type="jump" coverage="50%" />
              </conditions>
            </line>
            <line number="335" hits="2" branch="False" />
            <line number="336" hits="2" branch="False" />
            <line number="337" hits="2" branch="False" />
            <line number="338" hits="2" branch="False" />
            <line number="339" hits="2" branch="False" />
            <line number="340" hits="5" branch="False" />
            <line number="341" hits="2" branch="False" />
            <line number="344" hits="7" branch="True" condition-coverage="25% (1/4)">
              <conditions>
                <condition number="17" type="jump" coverage="50%" />
                <condition number="36" type="jump" coverage="0%" />
              </conditions>
            </line>
            <line number="345" hits="7" branch="False" />
            <line number="346" hits="7" branch="False" />
            <line number="350" hits="0" branch="True" condition-coverage="0% (0/2)">
              <conditions>
                <condition number="7" type="jump" coverage="0%" />
              </conditions>
            </line>
            <line number="352" hits="0" branch="False" />
            <line number="355" hits="0" branch="False" />
            <line number="226" hits="12" branch="False" />
            <line number="228" hits="12" branch="False" />
            <line number="229" hits="12" branch="False" />
            <line number="230" hits="12" branch="True" condition-coverage="100% (2/2)">
              <conditions>
                <condition number="27" type="jump" coverage="100%" />
              </conditions>
            </line>
            <line number="232" hits="2" branch="False" />
            <line number="234" hits="12" branch="False" />
            <line number="219" hits="5" branch="False" />
          </lines>
        </class>
        <class name="Mediana.Dispatch.QueryCallSite`3/&lt;AwaitAndReturn&gt;d__17" filename="Mediana/Dispatch/RequestCallSites.cs" line-rate="1" branch-rate="1" complexity="1">
          <methods>
            <method name="MoveNext" signature="()" line-rate="1" branch-rate="1" complexity="1">
              <lines>
                <line number="367" hits="1" branch="False" />
                <line number="371" hits="1" branch="False" />
                <line number="373" hits="1" branch="False" />
              </lines>
            </method>
          </methods>
          <lines>
            <line number="367" hits="1" branch="False" />
            <line number="371" hits="1" branch="False" />
            <line number="373" hits="1" branch="False" />
          </lines>
        </class>
        <class name="Mediana.Dispatch.QueryCallSite`3/&lt;AwaitCast&gt;d__11`1" filename="Mediana/Dispatch/RequestCallSites.cs" line-rate="0" branch-rate="1" complexity="1">
          <methods>
            <method name="MoveNext" signature="()" line-rate="0" branch-rate="1" complexity="1">
              <lines>
                <line number="298" hits="0" branch="False" />
              </lines>
            </method>
          </methods>
          <lines>
            <line number="298" hits="0" branch="False" />
          </lines>
        </class>
        <class name="Mediana.Dispatch.QueryCallSite`3/&lt;AwaitUpcast&gt;d__16" filename="Mediana/Dispatch/RequestCallSites.cs" line-rate="0" branch-rate="1" complexity="1">
          <methods>
            <method name="MoveNext" signature="()" line-rate="0" branch-rate="1" complexity="1">
              <lines>
                <line number="359" hits="0" branch="False" />
              </lines>
            </method>
          </methods>
          <lines>
            <line number="359" hits="0" branch="False" />
          </lines>
        </class>
        <class name="Mediana.Dispatch.QueryCallSite`3/&lt;SlowAny&gt;d__9" filename="Mediana/Dispatch/RequestCallSites.cs" line-rate="1" branch-rate="1" complexity="1">
          <methods>
            <method name="MoveNext" signature="()" line-rate="1" branch-rate="1" complexity="1">
              <lines>
                <line number="285" hits="4" branch="False" />
              </lines>
            </method>
          </methods>
          <lines>
            <line number="285" hits="4" branch="False" />
          </lines>
        </class>
        <class name="Mediana.Dispatch.StreamCallSite`3" filename="Mediana/Dispatch/StreamCallSite.cs" line-rate="1" branch-rate="0.9" complexity="11">
          <methods>
            <method name="Invoke" signature="(System.Object,System.IServiceProvider,System.Threading.CancellationToken)" line-rate="1" branch-rate="0.9" complexity="10">
              <lines>
                <line number="27" hits="115" branch="False" />
                <line number="28" hits="115" branch="True" condition-coverage="100% (2/2)">
                  <conditions>
                    <condition number="31" type="jump" coverage="100%" />
                  </conditions>
                </line>
                <line number="29" hits="115" branch="False" />
                <line number="30" hits="115" branch="False" />
                <line number="32" hits="114" branch="True" condition-coverage="100% (2/2)">
                  <conditions>
                    <condition number="115" type="jump" coverage="100%" />
                  </conditions>
                </line>
                <line number="34" hits="112" branch="False" />
                <line number="37" hits="2" branch="False" />
                <line number="38" hits="8" branch="True" condition-coverage="100% (2/2)">
                  <conditions>
                    <condition number="263" type="jump" coverage="100%" />
                  </conditions>
                </line>
                <line number="40" hits="2" branch="True" condition-coverage="50% (1/2)">
                  <conditions>
                    <condition number="175" type="jump" coverage="50%" />
                  </conditions>
                </line>
                <line number="41" hits="2" branch="False" />
                <line number="42" hits="2" branch="False" />
                <line number="45" hits="4" branch="False" />
                <line number="46" hits="8" branch="True" condition-coverage="100% (2/2)">
                  <conditions>
                    <condition number="330" type="jump" coverage="100%" />
                  </conditions>
                </line>
                <line number="48" hits="2" branch="False" />
                <line number="49" hits="2" branch="False" />
                <line number="50" hits="4" branch="False" />
                <line number="53" hits="2" branch="False" />
              </lines>
            </method>
            <method name=".ctor" signature="(System.Type[],System.Boolean)" line-rate="1" branch-rate="1" complexity="1">
              <lines>
                <line number="19" hits="10" branch="False" />
                <line number="21" hits="10" branch="False" />
                <line number="22" hits="10" branch="False" />
                <line number="23" hits="10" branch="False" />
              </lines>
            </method>
          </methods>
          <lines>
            <line number="27" hits="115" branch="False" />
            <line number="28" hits="115" branch="True" condition-coverage="100% (2/2)">
              <conditions>
                <condition number="31" type="jump" coverage="100%" />
              </conditions>
            </line>
            <line number="29" hits="115" branch="False" />
            <line number="30" hits="115" branch="False" />
            <line number="32" hits="114" branch="True" condition-coverage="100% (2/2)">
              <conditions>
                <condition number="115" type="jump" coverage="100%" />
              </conditions>
            </line>
            <line number="34" hits="112" branch="False" />
            <line number="37" hits="2" branch="False" />
            <line number="38" hits="8" branch="True" condition-coverage="100% (2/2)">
              <conditions>
                <condition number="263" type="jump" coverage="100%" />
              </conditions>
            </line>
            <line number="40" hits="2" branch="True" condition-coverage="50% (1/2)">
              <conditions>
                <condition number="175" type="jump" coverage="50%" />
              </conditions>
            </line>
            <line number="41" hits="2" branch="False" />
            <line number="42" hits="2" branch="False" />
            <line number="45" hits="4" branch="False" />
            <line number="46" hits="8" branch="True" condition-coverage="100% (2/2)">
              <conditions>
                <condition number="330" type="jump" coverage="100%" />
              </conditions>
            </line>
            <line number="48" hits="2" branch="False" />
            <line number="49" hits="2" branch="False" />
            <line number="50" hits="4" branch="False" />
            <line number="53" hits="2" branch="False" />
            <line number="19" hits="10" branch="False" />
            <line number="21" hits="10" branch="False" />
            <line number="22" hits="10" branch="False" />
            <line number="23" hits="10" branch="False" />
          </lines>
        </class>
      </classes>
    </package>
  </packages>
</coverage>